"../../../Engine/Content/Animation/DefaultAnimBoneCompressionSettings.uasset" 0
"../../../Engine/Content/Animation/DefaultAnimCurveCompressionSettings.uasset" 1
"../../../Engine/Content/ArtTools/RenderToTexture/Enums/RenderToTexture_Enum.uasset" 2
"../../../Engine/Content/ArtTools/RenderToTexture/Enums/RenderToTexture_Flipbook_Enum.uasset" 3
"../../../Engine/Content/ArtTools/RenderToTexture/Enums/RenderToTexture_Imposter_Enum.uasset" 4
"../../../Engine/Content/ArtTools/RenderToTexture/Enums/EIntTypes.uasset" 5
"../../../Engine/Content/EditorBlueprintResources/StandardMacros.uasset" 6
"../../../Engine/Content/ArtTools/RenderToTexture/Macros/RenderToTextureFunctionLibrary.uasset" 7
"../../../Engine/Content/ArtTools/RenderToTexture/Enums/EFloatTypes.uasset" 8
"../../../Engine/Content/ArtTools/RenderToTexture/Macros/RenderToTextureMacros.uasset" 9
"../../../Engine/Content/EngineMaterials/T_Default_Material_Grid_N.uasset" 10
"../../../Engine/Content/EngineMaterials/T_Default_Material_Grid_M.uasset" 11
"../../../Engine/Content/Functions/Engine_MaterialFunctions01/Opacity/CameraDepthFade.uasset" 12
"../../../Engine/Content/EngineMaterials/WorldGridMaterial.uasset" 13
"../../../Engine/Content/ArtTools/RenderToTexture/Meshes/S_1_Unit_Plane.uasset" 14
"../../../Engine/Content/EngineMaterials/DefaultMaterial.uasset" 15
"../../../Engine/Content/BasicShapes/Cone.uasset" 16
"../../../Engine/Content/BasicShapes/Sphere.uasset" 17
"../../../Engine/Content/EngineMaterials/DefaultPhysicalMaterial.uasset" 18
"../../../Engine/Content/BufferVisualization/AmbientOcclusion.uasset" 19
"../../../Engine/Content/Functions/Engine_MaterialFunctions02/Utility/AppendMany.uasset" 20
"../../../Engine/Content/BufferVisualization/Anisotropy.uasset" 21
"../../../Engine/Content/BufferVisualization/BaseColor.uasset" 22
"../../../Engine/Content/BufferVisualization/CustomDepth.uasset" 23
"../../../Engine/Content/Functions/Engine_MaterialFunctions02/Utility/VectorLength.uasset" 24
"../../../Engine/Content/BufferVisualization/CustomDepthWorldUnits.uasset" 25
"../../../Engine/Content/Functions/Engine_MaterialFunctions02/Utility/BreakOutFloat2Components.uasset" 26
"../../../Engine/Content/Functions/Engine_MaterialFunctions01/Texturing/ScaleUVsByCenter.uasset" 27
"../../../Engine/Content/EngineMaterials/MiniFont.uasset" 28
"../../../Engine/Content/Functions/Engine_MaterialFunctions02/Utility/MakeFloat3.uasset" 29
"../../../Engine/Content/Functions/Engine_MaterialFunctions02/Utility/MakeFloat2.uasset" 30
"../../../Engine/Content/Functions/Engine_MaterialFunctions02/ScreenResolution.uasset" 31
"../../../Engine/Content/Functions/Engine_MaterialFunctions02/Texturing/ScreenAlignedUVs.uasset" 32
"../../../Engine/Content/BufferVisualization/CustomStencil.uasset" 33
"../../../Engine/Content/BufferVisualization/FinalImage.uasset" 34
"../../../Engine/Content/BufferVisualization/LightingModel.uasset" 35
"../../../Engine/Content/BufferVisualization/MaterialAO.uasset" 36
"../../../Engine/Content/BufferVisualization/Metallic.uasset" 37
"../../../Engine/Content/BufferVisualization/Opacity.uasset" 38
"../../../Engine/Content/BufferVisualization/PostTonemapHDRColor.uasset" 39
"../../../Engine/Content/BufferVisualization/PreTonemapHDRColor.uasset" 40
"../../../Engine/Content/BufferVisualization/Roughness.uasset" 41
"../../../Engine/Content/BufferVisualization/SceneColor.uasset" 42
"../../../Engine/Content/BufferVisualization/SceneDepth.uasset" 43
"../../../Engine/Content/BufferVisualization/SceneDepthWorldUnits.uasset" 44
"../../../Engine/Content/BufferVisualization/SeparateTranslucencyA.uasset" 45
"../../../Engine/Content/BufferVisualization/SeparateTranslucencyRGB.uasset" 46
"../../../Engine/Content/BufferVisualization/Specular.uasset" 47
"../../../Engine/Content/BufferVisualization/SubsurfaceColor.uasset" 48
"../../../Engine/Content/BufferVisualization/Velocity.uasset" 49
"../../../Engine/Content/BufferVisualization/WorldNormal.uasset" 50
"../../../Engine/Content/BufferVisualization/WorldTangent.uasset" 51
"../../../Engine/Content/EditorBlueprintResources/ActorMacros.uasset" 52
"../../../Engine/Content/EditorLandscapeResources/DataLayer.uasset" 53
"../../../Engine/Content/EditorLandscapeResources/DefaultAlphaTexture.uasset" 54
"../../../Engine/Content/EditorLandscapeResources/LandscapeGizmoHeight_Mat.uasset" 55
"../../../Engine/Content/EditorLandscapeResources/LandscapeGizmo_Mat.uasset" 56
"../../../Engine/Content/EditorLandscapeResources/LandscapeGizmo_Mat_Copied.uasset" 57
"../../../Engine/Content/EditorLandscapeResources/SplineEditorMeshMat.uasset" 58
"../../../Engine/Content/EditorLandscapeResources/SplineEditorMesh.uasset" 59
"../../../Engine/Content/EditorMaterials/Cross.uasset" 60
"../../../Engine/Content/EditorMaterials/Cross_Mat.uasset" 61
"../../../Engine/Content/EditorResources/T_EditorHelp.uasset" 62
"../../../Engine/Content/Functions/Engine_MaterialFunctions02/ExampleContent/Textures/DebugNumberPeriod.uasset" 63
"../../../Engine/Content/Functions/Engine_MaterialFunctions02/ExampleContent/DebugNumberStrip.uasset" 64
"../../../Engine/Content/EngineMaterials/DefaultDiffuse.uasset" 65
"../../../Engine/Content/Functions/Engine_MaterialFunctions01/Texturing/TextureCropping.uasset" 66
"../../../Engine/Content/Functions/Engine_MaterialFunctions01/Texturing/ComputeMipLevel.uasset" 67
"../../../Engine/Content/Functions/Engine_MaterialFunctions02/Utility/DebugScalarValues.uasset" 68
"../../../Engine/Content/Functions/Engine_MaterialFunctions02/Utility/DebugFloat2Values.uasset" 69
"../../../Engine/Content/Functions/Engine_MaterialFunctions02/ExampleContent/Textures/flipbook.uasset" 70
"../../../Engine/Content/Functions/Engine_MaterialFunctions02/Texturing/FlipBook.uasset" 71
"../../../Engine/Content/Functions/Engine_MaterialFunctions02/Utility/Sign.uasset" 72
"../../../Engine/Content/Functions/Engine_MaterialFunctions02/Utility/Round.uasset" 73
"../../../Engine/Content/EditorMaterials/HelpActorMaterial.uasset" 74
"../../../Engine/Content/Functions/Engine_MaterialFunctions03/Procedurals/ComputeFilterWidth.uasset" 75
"../../../Engine/Content/EngineMaterials/BlendFunc_DefBlend.uasset" 76
"../../../Engine/Content/EngineMaterials/BlendFunc_DefBase.uasset" 77
"../../../Engine/Content/Functions/Engine_MaterialFunctions03/Blends/Blend_Screen.uasset" 78
"../../../Engine/Content/EditorMaterials/TilingAALineIntegral.uasset" 79
"../../../Engine/Content/EditorMaterials/TilingAALineBoxFiltered.uasset" 80
"../../../Engine/Content/EditorMaterials/TilingAAGrid.uasset" 81
"../../../Engine/Content/EditorMaterials/TilingAADots.uasset" 82
"../../../Engine/Content/EditorMaterials/CompositeARGBLayer.uasset" 83
"../../../Engine/Content/EditorMaterials/LevelGridMaterial.uasset" 84
"../../../Engine/Content/EditorResources/LevelGrid1DStripes.uasset" 85
"../../../Engine/Content/EditorMaterials/TextureGridCascaded1D.uasset" 86
"../../../Engine/Content/EditorMaterials/TextureGridCascaded2D.uasset" 87
"../../../Engine/Content/EditorMaterials/MakeCompositeARGBLayer.uasset" 88
"../../../Engine/Content/EditorMaterials/LevelGridMaterial2.uasset" 89
"../../../Engine/Content/EditorMaterials/MAT_Groups_Toggle.uasset" 90
"../../../Engine/Content/EditorMaterials/MAT_Groups_Visibility.uasset" 91
"../../../Engine/Content/EngineMaterials/Grid.uasset" 92
"../../../Engine/Content/EditorResources/TilePatine_N.uasset" 93
"../../../Engine/Content/EditorResources/TilePatine_D.uasset" 94
"../../../Engine/Content/EditorMaterials/AntialiasedGridFloor.uasset" 95
"../../../Engine/Content/EditorMaterials/PersonaFloorMat.uasset" 96
"../../../Engine/Content/EditorMaterials/PhAT_BoneSelectedMaterial.uasset" 97
"../../../Engine/Content/EditorMaterials/PhAT_ElemSelectedMaterial.uasset" 98
"../../../Engine/Content/EditorMaterials/PhAT_NoCollisionMaterial.uasset" 99
"../../../Engine/Content/EditorMaterials/PhAT_UnselectedMaterial.uasset" 100
"../../../Engine/Content/EditorMaterials/PreviewShadowIndicator.uasset" 101
"../../../Engine/Content/EditorMaterials/PreviewShadowIndicatorMaterial.uasset" 102
"../../../Engine/Content/EditorMaterials/TargetIcon.uasset" 103
"../../../Engine/Content/EditorMaterials/Tick.uasset" 104
"../../../Engine/Content/EditorMaterials/Tick_Mat.uasset" 105
"../../../Engine/Content/EditorMaterials/WidgetGridVertexColorMaterial.uasset" 106
"../../../Engine/Content/EditorMaterials/WidgetGridVertexColorMaterial_Ma.uasset" 107
"../../../Engine/Content/EditorMaterials/WidgetMaterial.uasset" 108
"../../../Engine/Content/EditorMaterials/WidgetMaterial_Current.uasset" 109
"../../../Engine/Content/EditorMaterials/WidgetMaterial_X.uasset" 110
"../../../Engine/Content/EditorMaterials/WidgetMaterial_Y.uasset" 111
"../../../Engine/Content/EditorMaterials/WidgetMaterial_Z.uasset" 112
"../../../Engine/Content/EditorMaterials/WidgetVertexColorMaterial.uasset" 113
"../../../Engine/Content/EditorMaterials/MatineeGroups/MAT_Groups_Anim.uasset" 114
"../../../Engine/Content/EditorMaterials/MatineeGroups/MAT_Groups_AudioMaster.uasset" 115
"../../../Engine/Content/EditorMaterials/MatineeGroups/MAT_Groups_Director.uasset" 116
"../../../Engine/Content/EditorMaterials/MatineeGroups/MAT_Groups_Event.uasset" 117
"../../../Engine/Content/EditorMaterials/MatineeGroups/MAT_Groups_Fade.uasset" 118
"../../../Engine/Content/EditorMaterials/MatineeGroups/MAT_Groups_Float.uasset" 119
"../../../Engine/Content/EditorMaterials/MatineeGroups/MAT_Groups_Move.uasset" 120
"../../../Engine/Content/EditorMaterials/MatineeGroups/MAT_Groups_Slomo.uasset" 121
"../../../Engine/Content/EditorMaterials/MatineeGroups/MAT_Groups_Sound.uasset" 122
"../../../Engine/Content/EditorMaterials/MatineeGroups/MAT_Groups_Vector.uasset" 123
"../../../Engine/Content/EditorMaterials/ParticleSystems/PSysThumbnail_NoImage.uasset" 124
"../../../Engine/Content/EditorMaterials/ParticleSystems/PSysThumbnail_OOD.uasset" 125
"../../../Engine/Content/EditorMaterials/Thumbnails/FloorPlaneMaterial.uasset" 126
"../../../Engine/Content/EditorMeshes/EditorCube.uasset" 127
"../../../Engine/Content/EditorMeshes/EditorCylinder.uasset" 128
"../../../Engine/Content/EditorMeshes/EditorPlane.uasset" 129
"../../../Engine/Content/EditorMaterials/Thumbnails/SkySphereMaterial.uasset" 130
"../../../Engine/Content/EditorMeshes/EditorSkySphere.uasset" 131
"../../../Engine/Content/EditorMeshes/EditorSphere.uasset" 132
"../../../Engine/Content/EditorResources/MatineeCam_D.uasset" 133
"../../../Engine/Content/EditorMaterials/MatineeCam_mat.uasset" 134
"../../../Engine/Content/EditorMeshes/MatineeCam_SM.uasset" 135
"../../../Engine/Content/Functions/Engine_MaterialFunctions01/Shading/ConvertFromDiffSpec.uasset" 136
"../../../Engine/Content/EditorMaterials/GridMaterial.uasset" 137
"../../../Engine/Content/EditorMeshes/PhAT_FloorBox.uasset" 138
"../../../Engine/Content/EditorMeshes/PlanarReflectionPlane.uasset" 139
"../../../Engine/Content/EngineDebugMaterials/M_SimpleOpaque.uasset" 140
"../../../Engine/Content/EditorMaterials/Camera/MI_CineMat_CamViewFinder.uasset" 141
"../../../Engine/Content/EditorMaterials/Camera/CineMat.uasset" 142
"../../../Engine/Content/EditorMaterials/Camera/MI_CineMat_CameraBody.uasset" 143
"../../../Engine/Content/EditorMeshes/Camera/SM_CineCam.uasset" 144
"../../../Engine/Content/EditorMaterials/Camera/MI_CineMat_Rig.uasset" 145
"../../../Engine/Content/EditorMeshes/Camera/SM_CraneRig_Arm.uasset" 146
"../../../Engine/Content/EditorMeshes/Camera/SM_CraneRig_Base.uasset" 147
"../../../Engine/Content/EditorMeshes/Camera/SM_CraneRig_Body.uasset" 148
"../../../Engine/Content/EditorMeshes/Camera/SM_CraneRig_Mount.uasset" 149
"../../../Engine/Content/EditorMeshes/Camera/SM_RailRig_Mount.uasset" 150
"../../../Engine/Content/EditorMeshes/Camera/SM_RailRig_Track.uasset" 151
"../../../Engine/Content/EditorMeshes/ColorCalibrator/M_ChromeBall.uasset" 152
"../../../Engine/Content/EditorResources/Bad.uasset" 153
"../../../Engine/Content/EditorResources/BSPVertex.uasset" 154
"../../../Engine/Content/EditorResources/EmptyActor.uasset" 155
"../../../Engine/Content/EditorResources/MatInstActSprite.uasset" 156
"../../../Engine/Content/EditorResources/SceneManager.uasset" 157
"../../../Engine/Content/EditorResources/SmallFont.uasset" 158
"../../../Engine/Content/EditorResources/S_Actor.uasset" 159
"../../../Engine/Content/EditorResources/S_CameraShakeSource.uasset" 160
"../../../Engine/Content/EditorResources/S_DecalActorIcon.uasset" 161
"../../../Engine/Content/EditorResources/S_Emitter.uasset" 162
"../../../Engine/Content/EditorResources/S_ExpoHeightFog.uasset" 163
"../../../Engine/Content/EditorResources/S_FTest.uasset" 164
"../../../Engine/Content/EditorResources/S_KBSJoint.uasset" 165
"../../../Engine/Content/EditorResources/S_KHinge.uasset" 166
"../../../Engine/Content/EditorResources/S_KPrismatic.uasset" 167
"../../../Engine/Content/EditorResources/S_LevelSequence.uasset" 168
"../../../Engine/Content/EditorResources/S_NavP.uasset" 169
"../../../Engine/Content/EditorResources/S_Note.uasset" 170
"../../../Engine/Content/EditorResources/S_Player.uasset" 171
"../../../Engine/Content/EditorResources/S_PortalActorIcon2.uasset" 172
"../../../Engine/Content/EditorResources/S_RadForce.uasset" 173
"../../../Engine/Content/EditorResources/S_ReflActorIcon.uasset" 174
"../../../Engine/Content/EditorResources/S_SkyAtmosphere.uasset" 175
"../../../Engine/Content/EditorResources/S_Solver.uasset" 176
"../../../Engine/Content/EditorResources/S_Terrain.uasset" 177
"../../../Engine/Content/EditorResources/S_TextRenderActorIcon.uasset" 178
"../../../Engine/Content/EditorResources/S_Thruster.uasset" 179
"../../../Engine/Content/EditorResources/S_Trigger.uasset" 180
"../../../Engine/Content/EditorResources/S_VectorFieldVol.uasset" 181
"../../../Engine/Content/EditorResources/S_VolumetricCloud.uasset" 182
"../../../Engine/Content/EditorResources/S_WindDirectional.uasset" 183
"../../../Engine/Content/EditorResources/AI/S_NavLink.uasset" 184
"../../../Engine/Content/EditorResources/LightIcons/SkyLight.uasset" 185
"../../../Engine/Content/EditorResources/LightIcons/S_LightDirectional.uasset" 186
"../../../Engine/Content/EditorResources/LightIcons/S_LightDirectionalMove.uasset" 187
"../../../Engine/Content/EditorResources/LightIcons/S_LightError.uasset" 188
"../../../Engine/Content/EditorResources/LightIcons/S_LightPoint.uasset" 189
"../../../Engine/Content/EditorResources/LightIcons/S_LightPointMove.uasset" 190
"../../../Engine/Content/EditorResources/LightIcons/S_LightSpot.uasset" 191
"../../../Engine/Content/EditorResources/LightIcons/S_LightSpotMove.uasset" 192
"../../../Engine/Content/EditorResources/SequenceRecorder/Countdown.uasset" 193
"../../../Engine/Content/EditorResources/SequenceRecorder/RecordingIndicator.uasset" 194
"../../../Engine/Content/EditorResources/Spline/T_Loft_Spline.uasset" 195
"../../../Engine/Content/EditorSounds/Notifications/CompileFailed.uasset" 196
"../../../Engine/Content/EditorSounds/Notifications/CompileFailed_Cue.uasset" 197
"../../../Engine/Content/EditorSounds/Notifications/CompileSuccess.uasset" 198
"../../../Engine/Content/EditorSounds/Notifications/CompileStart_Cue.uasset" 199
"../../../Engine/Content/EngineDamageTypes/DmgTypeBP_Environmental.uasset" 200
"../../../Engine/Content/EngineDebugMaterials/HeatmapGradient.uasset" 201
"../../../Engine/Content/EngineDebugMaterials/BoneWeightMaterial.uasset" 202
"../../../Engine/Content/EngineDebugMaterials/ClothMaterial.uasset" 203
"../../../Engine/Content/EngineDebugMaterials/ClothMaterial_WF.uasset" 204
"../../../Engine/Content/EngineDebugMaterials/DebugEditorMaterial.uasset" 205
"../../../Engine/Content/EngineDebugMaterials/DebugMeshMaterial.uasset" 206
"../../../Engine/Content/EngineDebugMaterials/GeomMaterial.uasset" 207
"../../../Engine/Content/EngineDebugMaterials/LevelColorationLitMaterial.uasset" 208
"../../../Engine/Content/EngineDebugMaterials/LevelColorationUnlitMaterial.uasset" 209
"../../../Engine/Content/EngineMaterials/DefaultWhiteGrid.uasset" 210
"../../../Engine/Content/EngineDebugMaterials/MAT_LevelColorationLitLightmapUV.uasset" 211
"../../../Engine/Content/EngineDebugMaterials/M_SimpleUnlitTranslucent.uasset" 212
"../../../Engine/Content/EngineDebugMaterials/VolumeToRender.uasset" 213
"../../../Engine/Content/Functions/Engine_MaterialFunctions02/Utility/CameraDirectionVector.uasset" 214
"../../../Engine/Content/EngineDebugMaterials/M_VolumeRenderSphereTracePP.uasset" 215
"../../../Engine/Content/EngineMaterials/DefaultWhiteGrid_Low.uasset" 216
"../../../Engine/Content/EngineDebugMaterials/PhysicalMaterialMaskMaterial.uasset" 217
"../../../Engine/Content/EngineDebugMaterials/ShadedLevelColorationLitMaterial.uasset" 218
"../../../Engine/Content/EngineDebugMaterials/ShadedLevelColorationUnlitMateri.uasset" 219
"../../../Engine/Content/EngineDebugMaterials/VertexColorMaterial.uasset" 220
"../../../Engine/Content/EngineDebugMaterials/VertexColorViewMode_AlphaAsColor.uasset" 221
"../../../Engine/Content/EngineDebugMaterials/VertexColorViewMode_ColorOnly.uasset" 222
"../../../Engine/Content/EngineDebugMaterials/VertexColorViewMode_GreenOnly.uasset" 223
"../../../Engine/Content/EngineDebugMaterials/WireframeMaterial.uasset" 224
"../../../Engine/Content/EngineFonts/Faces/RobotoRegular.uasset" 225
"../../../Engine/Content/EngineFonts/Faces/RobotoLight.uasset" 226
"../../../Engine/Content/EngineFonts/Faces/RobotoItalic.uasset" 227
"../../../Engine/Content/EngineFonts/Faces/RobotoBoldItalic.uasset" 228
"../../../Engine/Content/EngineFonts/Faces/RobotoBold.uasset" 229
"../../../Engine/Content/EngineFonts/Faces/DroidSansFallback.uasset" 230
"../../../Engine/Content/EngineFonts/Roboto.uasset" 231
"../../../Engine/Content/EngineFonts/Faces/RobotoTiny.uasset" 232
"../../../Engine/Content/EngineFonts/RobotoTiny.uasset" 233
"../../../Engine/Content/EngineFonts/SmallFont.uasset" 234
"../../../Engine/Content/EngineFonts/TinyFont.uasset" 235
"../../../Engine/Content/EngineMaterials/BaseFlattenNormalMap.uasset" 236
"../../../Engine/Content/EngineMaterials/BaseFlattenGrayscaleMap.uasset" 237
"../../../Engine/Content/EngineMaterials/BaseFlattenEmissiveMap.uasset" 238
"../../../Engine/Content/EngineMaterials/BaseFlattenDiffuseMap.uasset" 239
"../../../Engine/Content/EngineMaterials/BaseFlattenMaterial.uasset" 240
"../../../Engine/Content/EngineResources/WhiteSquareTexture.uasset" 241
"../../../Engine/Content/EngineMaterials/BlinkingCaret.uasset" 242
"../../../Engine/Content/EngineMaterials/BlueNoise.uasset" 243
"../../../Engine/Content/EngineMaterials/DefaultBloomKernel.uasset" 244
"../../../Engine/Content/EngineMaterials/DefaultBokeh.uasset" 245
"../../../Engine/Content/EngineMaterials/DefaultDeferredDecalMaterial.uasset" 246
"../../../Engine/Content/EngineMaterials/DefaultLightFunctionMaterial.uasset" 247
"../../../Engine/Content/EngineMaterials/DefaultNormal.uasset" 248
"../../../Engine/Content/EngineMaterials/DefaultPostProcessMaterial.uasset" 249
"../../../Engine/Content/EngineFonts/RobotoDistanceField.uasset" 250
"../../../Engine/Content/EngineMaterials/DefaultTextMaterialOpaque.uasset" 251
"../../../Engine/Content/EngineMaterials/EditorBrushMaterial.uasset" 252
"../../../Engine/Content/EngineMaterials/EmissiveMeshMaterial.uasset" 253
"../../../Engine/Content/EngineMaterials/GizmoMaterial.uasset" 254
"../../../Engine/Content/EngineMaterials/Good64x64TilingNoiseHighFreq.uasset" 255
"../../../Engine/Content/EngineMaterials/Grid_N.uasset" 256
"../../../Engine/Content/EngineMaterials/HighResolutionScreenshotMaskFunction.uasset" 257
"../../../Engine/Content/EngineMaterials/HighResScreenshot.uasset" 258
"../../../Engine/Content/EngineMaterials/HighResScreenshotCaptureRegion.uasset" 259
"../../../Engine/Content/EngineMaterials/HighResScreenshotMask.uasset" 260
"../../../Engine/Content/EngineMaterials/LandscapeHolePhysicalMaterial.uasset" 261
"../../../Engine/Content/EngineMaterials/InvalidLightmapSettings.uasset" 262
"../../../Engine/Content/EngineMaterials/M_InvalidLightmapSettings.uasset" 263
"../../../Engine/Content/EngineMaterials/PaperDiffuse.uasset" 264
"../../../Engine/Content/EngineMaterials/PaperNormal.uasset" 265
"../../../Engine/Content/Functions/Engine_MaterialFunctions02/WorldPositionOffset/CameraOffset.uasset" 266
"../../../Engine/Content/EngineMaterials/PhAT_JointLimitMaterial.uasset" 267
"../../../Engine/Content/EngineMaterials/PhysMat_Rubber.uasset" 268
"../../../Engine/Content/EngineMaterials/PreintegratedSkinBRDF.uasset" 269
"../../../Engine/Content/EngineMaterials/RemoveSurfaceMaterial.uasset" 270
"../../../Engine/Content/EngineMaterials/WeightMapPlaceholderTexture.uasset" 271
"../../../Engine/Content/Functions/Engine_MaterialFunctions01/ImageAdjustment/sRGBToLinear.uasset" 272
"../../../Engine/Content/Functions/Engine_MaterialFunctions02/Utility/BreakOutFloat3Components.uasset" 273
"../../../Engine/Content/EngineMaterials/Widget3DCameraPassThrough_Opaque_OneSided.uasset" 274
"../../../Engine/Content/EngineMaterials/Widget3DPassThrough.uasset" 275
"../../../Engine/Content/EngineMaterials/Widget3DPassThrough_Masked.uasset" 276
"../../../Engine/Content/EngineMaterials/Widget3DPassThrough_Opaque.uasset" 277
"../../../Engine/Content/EngineMaterials/Widget3DPassThrough_Masked_OneSided.uasset" 278
"../../../Engine/Content/EngineMaterials/Widget3DPassThrough_Opaque_OneSided.uasset" 279
"../../../Engine/Content/EngineMaterials/Widget3DPassThrough_Translucent.uasset" 280
"../../../Engine/Content/EngineMaterials/Widget3DPassThrough_Translucent_OneSided.uasset" 281
"../../../Engine/Content/EngineMeshes/Cylinder.uasset" 282
"../../../Engine/Content/EngineMeshes/Sphere.uasset" 283
"../../../Engine/Content/EngineResources/DefaultTextureCube.uasset" 284
"../../../Engine/Content/EngineResources/DefaultVolumeTexture2D.uasset" 285
"../../../Engine/Content/EngineResources/DefaultVolumeTexture.uasset" 286
"../../../Engine/Content/EngineResources/GradientTexture0.uasset" 287
"../../../Engine/Content/EngineResources/StreamingPauseIcon.uasset" 288
"../../../Engine/Content/EngineResources/M_StreamingPause.uasset" 289
"../../../Engine/Content/EngineSky/VolumetricClouds/T_NoiseShape64.uasset" 290
"../../../Engine/Content/EngineSky/VolumetricClouds/T_VolumeNoiseShape64.uasset" 291
"../../../Engine/Content/EngineSky/VolumetricClouds/T_NoiseErosion.uasset" 292
"../../../Engine/Content/EngineSky/VolumetricClouds/T_VolumeNoiseErosion32.uasset" 293
"../../../Engine/Content/EngineSky/VolumetricClouds/CloudWeatherTexture.uasset" 294
"../../../Engine/Content/EngineSky/VolumetricClouds/CloudGradientTexture.uasset" 295
"../../../Engine/Content/EngineSky/VolumetricClouds/m_SimpleVolumetricCloud.uasset" 296
"../../../Engine/Content/EngineSky/VolumetricClouds/m_SimpleVolumetricCloud_Inst.uasset" 297
"../../../Engine/Content/EngineSounds/Master.uasset" 298
"../../../Engine/Content/Functions/Engine_MaterialFunctions01/Shading/PowerToRoughness.uasset" 299
"../../../Engine/Content/Maps/Templates/Thumbnails/Default.uasset" 300
"../../../Engine/Content/Maps/Templates/Thumbnails/VR-Basic.uasset" 301
"../../../Engine/Content/MobileResources/T_MobileControls_texture.uasset" 302
"../../../Engine/Content/MobileResources/T_MobileMenu2.uasset" 303
"../../../Engine/Content/MobileResources/HUD/AnalogHat.uasset" 304
"../../../Engine/Content/MobileResources/HUD/VirtualJoystick_Thumb.uasset" 305
"../../../Engine/Content/MobileResources/HUD/VirtualJoystick_Background.uasset" 306
"../../../Engine/Content/MobileResources/HUD/DefaultVirtualJoysticks.uasset" 307
"../../../Engine/Content/MobileResources/HUD/LeftVirtualJoystickOnly.uasset" 308
"../../../Engine/Content/MobileResources/HUD/MobileHUDButton1_off.uasset" 309
"../../../Engine/Content/MobileResources/HUD/MobileHUDButton1_on.uasset" 310
"../../../Engine/Content/MobileResources/HUD/MobileHUDButton2_off.uasset" 311
"../../../Engine/Content/MobileResources/HUD/MobileHUDButton2_on.uasset" 312
"../../../Engine/Content/MobileResources/HUD/MobileHUDButton3.uasset" 313
"../../../Engine/Content/MobileResources/HUD/MobileHUDButtonFire.uasset" 314
"../../../Engine/Content/MobileResources/HUD/MobileHUDDirectionPad.uasset" 315
"../../../Engine/Content/MobileResources/HUD/MobileHUDDirectionPad2.uasset" 316
"../../../Engine/Content/MobileResources/HUD/MobileHUDDirectionPad3.uasset" 317
"../../../Engine/Content/MobileResources/HUD/MobileHUDDirectionStick.uasset" 318
"../../../Engine/Content/MobileResources/HUD/T_Castle_ThumbstickInner.uasset" 319
"../../../Engine/Content/MobileResources/HUD/T_Castle_ThumbstickOutter.uasset" 320
"../../../Engine/Content/Tutorial/ContentIntroCurve.uasset" 321
"../../../Engine/Content/Tutorial/Basics/LevelEditorAttract.uasset" 322
"../../../Engine/Content/Tutorial/Basics/TutorialAssets/icon_tab_Levels_40x.uasset" 323
"../../../Engine/Content/Tutorial/Basics/LevelEditorOverview.uasset" 324
"../../../Engine/Content/Tutorial/BlueprintTutorials/TutorialAssets/Blueprint_64x.uasset" 325
"../../../Engine/Content/Tutorial/BlueprintTutorials/BlueprintEditorTutorial.uasset" 326
"../../../Engine/Content/Tutorial/BlueprintTutorials/TutorialAssets/Tutorial_BP_MacroLib.uasset" 327
"../../../Engine/Content/VREditor/TransformGizmo/TranslucentTransformGizmoMaterial.uasset" 328
"../../../Engine/Content/VREditor/LaserPointer/VR_LaserPower_01.uasset" 329
"../../../Engine/Content/VREditor/TransformGizmo/TransformGizmoMaterial.uasset" 330
"../../../Engine/Content/VREditor/TransformGizmo/BoundingBoxCorner.uasset" 331
"../../../Engine/Content/VREditor/TransformGizmo/BoundingBoxEdge.uasset" 332
"../../../Engine/Content/VREditor/TransformGizmo/PlaneTranslationHandle.uasset" 333
"../../../Engine/Content/VREditor/TransformGizmo/Xray.uasset" 334
"../../../Engine/Content/VREditor/TransformGizmo/Main.uasset" 335
"../../../Engine/Content/VREditor/TransformGizmo/SM_Sequencer_Key.uasset" 336
"../../../Engine/Content/VREditor/TransformGizmo/SM_Sequencer_Node.uasset" 337
"../../../../../../Users/misha/Documents/WTFproject/Proj/Content/Proj/Core/GI_Main.uasset" 338
"../../../../../../Users/misha/Documents/WTFproject/Proj/Content/Proj/Sound/1__Werq_-_Music.uasset" 339
"../../../../../../Users/misha/Documents/WTFproject/Proj/Content/Proj/Sound/2__Your_Call_-_Music.uasset" 340
"../../../../../../Users/misha/Documents/WTFproject/Proj/Content/Proj/Sound/3__Nowhere_Land_-_Music.uasset" 341
"../../Plugins/2D/Paper2D/Content/PlaceholderTextures/DummySpriteTexture.uasset" 342
"../../Plugins/2D/Paper2D/Content/DummySprite.uasset" 343
"../../Plugins/2D/Paper2D/Content/DefaultPaperTerrainMaterial.uasset" 344
"../../Plugins/2D/Paper2D/Content/DefaultSpriteMaterial.uasset" 345
"../../Plugins/2D/Paper2D/Content/MaskedUnlitSpriteMaterial.uasset" 346
"../../Plugins/2D/Paper2D/Content/OpaqueUnlitSpriteMaterial.uasset" 347
"../../Plugins/FX/Niagara/Content/Enums/ENiagaraAnimTrailWidthMode.uasset" 348
"../../Plugins/FX/Niagara/Content/Enums/ENiagaraArraySamplingMode.uasset" 349
"../../Plugins/FX/Niagara/Content/Enums/ENiagaraBoneSamplingMode.uasset" 350
"../../Plugins/FX/Niagara/Content/Enums/ENiagaraBoneSocketSamplingMode.uasset" 351
"../../Plugins/FX/Niagara/Content/Enums/ENiagaraBooleanLogicOps.uasset" 352
"../../Plugins/FX/Niagara/Content/Enums/ENiagaraBooleanLogicOps_v2.uasset" 353
"../../Plugins/FX/Niagara/Content/Enums/ENiagaraCalculateRadiusOptions.uasset" 354
"../../Plugins/FX/Niagara/Content/Enums/ENiagaraChannelCorrelation.uasset" 355
"../../Plugins/FX/Niagara/Content/Enums/ENiagaraCollisionRadiusOptions.uasset" 356
"../../Plugins/FX/Niagara/Content/Enums/ENiagaraCoordinateSpace.uasset" 357
"../../Plugins/FX/Niagara/Content/Enums/ENiagaraCurlNoiseQuality.uasset" 358
"../../Plugins/FX/Niagara/Content/Enums/ENiagaraEmitterLifeCycleMode.uasset" 359
"../../Plugins/FX/Niagara/Content/Enums/ENiagaraEmitterScalabilityMode.uasset" 360
"../../Plugins/FX/Niagara/Content/Enums/ENiagaraEmitterScalabilityMode_Limited.uasset" 361
"../../Plugins/FX/Niagara/Content/Enums/ENiagaraExecutionStateManagement.uasset" 362
"../../Plugins/FX/Niagara/Content/Enums/ENiagaraExpansionMode.uasset" 363
"../../Plugins/FX/Niagara/Content/Enums/ENiagaraFrictionMergeType.uasset" 364
"../../Plugins/FX/Niagara/Content/Enums/ENiagaraGPUDepthResponseType.uasset" 365
"../../Plugins/FX/Niagara/Content/Enums/ENiagaraGridPlacementType.uasset" 366
"../../Plugins/FX/Niagara/Content/Enums/ENiagaraInactiveMode.uasset" 367
"../../Plugins/FX/Niagara/Content/Enums/ENiagaraKillVolumeOptions.uasset" 368
"../../Plugins/FX/Niagara/Content/Enums/ENiagaraLinearColor_Channels.uasset" 369
"../../Plugins/FX/Niagara/Content/Enums/ENiagaraMassByVolume.uasset" 370
"../../Plugins/FX/Niagara/Content/Enums/ENiagaraMassCalculationForRendererTypes.uasset" 371
"../../Plugins/FX/Niagara/Content/Enums/ENiagaraMeshOrSprite.uasset" 372
"../../Plugins/FX/Niagara/Content/Enums/ENiagaraMeshSamplingMode.uasset" 373
"../../Plugins/FX/Niagara/Content/Enums/ENiagaraMeshSurfaceSamplingMode.uasset" 374
"../../Plugins/FX/Niagara/Content/Enums/ENiagaraMeshTransforms.uasset" 375
"../../Plugins/FX/Niagara/Content/Enums/ENiagaraMinOrMax.uasset" 376
"../../Plugins/FX/Niagara/Content/Enums/ENiagaraNumericVariableTypes.uasset" 377
"../../Plugins/FX/Niagara/Content/Enums/ENiagaraOrientationAxis.uasset" 378
"../../Plugins/FX/Niagara/Content/Enums/ENiagaraQuaternionDerivationTechnique.uasset" 379
"../../Plugins/FX/Niagara/Content/Enums/ENiagaraRandomnessEvaluation.uasset" 380
"../../Plugins/FX/Niagara/Content/Enums/ENiagaraRandomnessMode.uasset" 381
"../../Plugins/FX/Niagara/Content/Enums/ENiagaraRestitutionMergeType.uasset" 382
"../../Plugins/FX/Niagara/Content/Enums/ENiagaraScaleColorMode.uasset" 383
"../../Plugins/FX/Niagara/Content/Enums/ENiagaraSimulationTarget.uasset" 384
"../../Plugins/FX/Niagara/Content/Enums/ENiagaraSkeletalSpawning.uasset" 385
"../../Plugins/FX/Niagara/Content/Enums/ENiagaraSkelSamplingFilteringMode.uasset" 386
"../../Plugins/FX/Niagara/Content/Enums/ENiagaraSkelSamplingModeFull.uasset" 387
"../../Plugins/FX/Niagara/Content/Enums/ENiagaraSocketSamplingMode.uasset" 388
"../../Plugins/FX/Niagara/Content/Enums/ENiagaraSphereDistributionMode.uasset" 389
"../../Plugins/FX/Niagara/Content/Enums/ENiagaraSUbUVAnimationMode.uasset" 390
"../../Plugins/FX/Niagara/Content/Enums/ENiagaraSystemInactiveMode.uasset" 391
"../../Plugins/FX/Niagara/Content/Enums/ENiagaraTorusDistributionMode.uasset" 392
"../../Plugins/FX/Niagara/Content/Enums/ENiagaraTorusMode.uasset" 393
"../../Plugins/FX/Niagara/Content/Enums/ENiagaraTriangleSamplingMode.uasset" 394
"../../Plugins/FX/Niagara/Content/Enums/ENiagaraVector2_Channels.uasset" 395
"../../Plugins/FX/Niagara/Content/Enums/ENiagaraVector3_Channels.uasset" 396
"../../Plugins/FX/Niagara/Content/Enums/ENiagaraVector4_Channels.uasset" 397
"../../Plugins/FX/Niagara/Content/Enums/ENiagaraVertexFilteringMode.uasset" 398
"../../Plugins/FX/Niagara/Content/Enums/ENiagaraVertexSamplingMode.uasset" 399
"../../Plugins/FX/Niagara/Content/Enums/ENiagara_AudioParamType.uasset" 400
"../../Plugins/FX/Niagara/Content/Enums/ENiagara_BankOnTurns.uasset" 401
"../../Plugins/FX/Niagara/Content/Enums/ENiagara_CameraMeshOrientation.uasset" 402
"../../Plugins/FX/Niagara/Content/Enums/ENiagara_CameraProperties.uasset" 403
"../../Plugins/FX/Niagara/Content/Enums/ENiagara_CollisionType.uasset" 404
"../../Plugins/FX/Niagara/Content/Enums/ENiagara_ColorInitializationMode.uasset" 405
"../../Plugins/FX/Niagara/Content/Enums/ENiagara_CPUCollisionType.uasset" 406
"../../Plugins/FX/Niagara/Content/Enums/ENiagara_DirectReadApplicationMode.uasset" 407
"../../Plugins/FX/Niagara/Content/Enums/ENiagara_DirectReadParticleIDSampling.uasset" 408
"../../Plugins/FX/Niagara/Content/Enums/ENiagara_DirectReadSamplingMode.uasset" 409
"../../Plugins/FX/Niagara/Content/Enums/ENiagara_EmitterLocSamplingMode.uasset" 410
"../../Plugins/FX/Niagara/Content/Enums/ENiagara_EmitterStateOptions.uasset" 411
"../../Plugins/FX/Niagara/Content/Enums/ENiagara_FadeOperationType.uasset" 412
"../../Plugins/FX/Niagara/Content/Enums/ENiagara_Float4Channel.uasset" 413
"../../Plugins/FX/Niagara/Content/Enums/ENiagara_GPUCollisionType.uasset" 414
"../../Plugins/FX/Niagara/Content/Enums/ENiagara_IDAttributes.uasset" 415
"../../Plugins/FX/Niagara/Content/Enums/ENiagara_InfiniteLoopDuration.uasset" 416
"../../Plugins/FX/Niagara/Content/Enums/ENiagara_LifetimeInheritanceOptions.uasset" 417
"../../Plugins/FX/Niagara/Content/Enums/ENiagara_LifetimeMode.uasset" 418
"../../Plugins/FX/Niagara/Content/Enums/ENiagara_MassInitializationMode.uasset" 419
"../../Plugins/FX/Niagara/Content/Enums/ENiagara_MultipleLerpCount.uasset" 420
"../../Plugins/FX/Niagara/Content/Enums/ENiagara_PositionInitializationMode.uasset" 421
"../../Plugins/FX/Niagara/Content/Enums/ENiagara_RotationDefinitionApproach.uasset" 422
"../../Plugins/FX/Niagara/Content/Enums/ENiagara_SizeScaleMode.uasset" 423
"../../Plugins/FX/Niagara/Content/Enums/ENiagara_SpawnBurstMode.uasset" 424
"../../Plugins/FX/Niagara/Content/Enums/ENiagara_SpriteRotationMode.uasset" 425
"../../Plugins/FX/Niagara/Content/Enums/ENiagara_SubUVLookupMode.uasset" 426
"../../Plugins/FX/Niagara/Content/Enums/ENiagara_TransformBaseOptions.uasset" 427
"../../Plugins/FX/Niagara/Content/Enums/ENiagara_TransformMode.uasset" 428
"../../Plugins/FX/Niagara/Content/Enums/ENiagara_TransformOrientationMode.uasset" 429
"../../Plugins/FX/Niagara/Content/Enums/ENiagara_UVFlippingMode.uasset" 430
"../../Plugins/FX/Niagara/Content/Enums/Niagara_Units.uasset" 431
"../../Plugins/FX/Niagara/Content/Enums/CascadeConversion/ECascadeNiagaraOrbitChainMode.uasset" 432
"../../Plugins/FX/Niagara/Content/Enums/CascadeConversion/ECascadeNiagaraTwoVectorChannels.uasset" 433
"../../Plugins/FX/Niagara/Content/Icons/S_ParticleSystem.uasset" 434
"../../../Engine/Content/BasicShapes/Cylinder.uasset" 435
"../../../Engine/Content/ArtTools/RenderToTexture/Materials/Debug/M_Emissive_Color.uasset" 436
"../../Plugins/Lumin/MagicLeapPassableWorld/Content/MagicLeapARPinInfoActor.uasset" 437
"../../../Engine/Content/Functions/Engine_MaterialFunctions02/ObjectLocalBounds.uasset" 438
"../../../Engine/Content/Functions/Engine_MaterialFunctions02/UVs/BoundingBoxBased_0-1_UVW.uasset" 439
"../../../Engine/Content/EngineResources/DefaultTexture.uasset" 440
"../../../Engine/Content/Functions/Engine_MaterialFunctions02/SafeNormalize.uasset" 441
"../../Plugins/Editor/SpeedTreeImporter/Content/SpeedTree9/UnpackInteger3.uasset" 442
"../../Plugins/Editor/SpeedTreeImporter/Content/SpeedTree9/UnpackDirection.uasset" 443
"../../Plugins/Editor/SpeedTreeImporter/Content/SpeedTree9/game_wind_noise.uasset" 444
"../../Plugins/Editor/SpeedTreeImporter/Content/SpeedTree9/SpeedTreeWindMotion.uasset" 445
"../../Plugins/Editor/SpeedTreeImporter/Content/SpeedTree9/SpeedTreeBranchMotion.uasset" 446
"../../Plugins/Editor/SpeedTreeImporter/Content/SpeedTree9/SpeedTreeWind.uasset" 447
"../../Plugins/Editor/SpeedTreeImporter/Content/SpeedTree9/SpeedTreeBillboard.uasset" 448
"../../Plugins/Editor/SpeedTreeImporter/Content/SpeedTree9/SpeedTreeBillboardMaster.uasset" 449
"../../Plugins/Editor/SpeedTreeImporter/Content/SpeedTree9/SpeedTreeCameraFacing.uasset" 450
"../../Plugins/Editor/SpeedTreeImporter/Content/SpeedTree9/SpeedTreeMaster.uasset" 451
"../../../Engine/Content/Functions/Engine_MaterialFunctions02/Utility/BreakOutFloat4Components.uasset" 452
"../../Plugins/Runtime/Oculus/OculusVR/Content/Materials/OculusMR_ChromaKey.uasset" 453
"../../Plugins/Runtime/Oculus/OculusVR/Content/Materials/OculusMR_OpaqueColoredMaterial.uasset" 454
"../../Plugins/Runtime/Oculus/OculusVR/Content/Materials/PokeAHoleMaterial.uasset" 455
"../../../Engine/Content/MapTemplates/Sky/DaylightAmbientCubemap.uasset" 456
"../../../../../../Users/misha/Documents/WTFproject/Proj/Content/StarterContent/Blueprints/Assets/M_LightStage_Skybox_Master.uasset" 457
"../../../../../../Users/misha/Documents/WTFproject/Proj/Content/StarterContent/Blueprints/Assets/M_LightStage_Skybox_Black.uasset" 458
"../../../../../../Users/misha/Documents/WTFproject/Proj/Content/Proj/Placeables/M_SurfaceBase.uasset" 459
"../../../../../../Users/misha/Documents/WTFproject/Proj/Content/Proj/Placeables/MI_Walls.uasset" 460
"../../../../../../Users/misha/Documents/WTFproject/Proj/Content/Proj/Placeables/MI_Floor.uasset" 461
"../../../../../../Users/misha/Documents/WTFproject/Proj/Content/Proj/Materials/MF_SampleSceneTextureNeighbourUVs.uasset" 462
"../../../../../../Users/misha/Documents/WTFproject/Proj/Content/Proj/Materials/MF_ExtractDepth.uasset" 463
"../../../Engine/Content/Functions/Engine_MaterialFunctions02/SplitComponents.uasset" 464
"../../../../../../Users/misha/Documents/WTFproject/Proj/Content/Proj/Materials/MF_ConvolveTexture.uasset" 465
"../../../../../../Users/misha/Documents/WTFproject/Proj/Content/Proj/Materials/PP_Outliner_M.uasset" 466
"../../../../../../Users/misha/Documents/WTFproject/Proj/Content/Proj/Materials/PP_Outliner_Inst.uasset" 467
"../../../../../../Users/misha/Documents/WTFproject/Proj/Content/Proj/Isometric-Interiors/Textures/Texture_Atlas.uasset" 468
"../../../../../../Users/misha/Documents/WTFproject/Proj/Content/Proj/Isometric-Interiors/Materials/M_Texture_Atlas.uasset" 469
"../../../../../../Users/misha/Documents/WTFproject/Proj/Content/Proj/Isometric-Interiors/Meshes/SM_Lamp_1B.uasset" 470
"../../../../../../Users/misha/Documents/WTFproject/Proj/Content/Proj/Placeables/BP_Talllamp.uasset" 471
"../../../../../../Users/misha/Documents/WTFproject/Proj/Content/Proj/Isometric-Interiors/Meshes/SM_Lamp_night_1B.uasset" 472
"../../../../../../Users/misha/Documents/WTFproject/Proj/Content/Proj/Placeables/BP_Shortlamp.uasset" 473
"../../../../../../Users/misha/Documents/WTFproject/Proj/Content/Proj/Isometric-Interiors/Meshes/SM_Wash_Basin.uasset" 474
"../../../../../../Users/misha/Documents/WTFproject/Proj/Content/Proj/Isometric-Interiors/Meshes/SM_Wall_4_4.uasset" 475
"../../../../../../Users/misha/Documents/WTFproject/Proj/Content/Proj/Isometric-Interiors/Meshes/SM_Wall_4_11.uasset" 476
"../../../../../../Users/misha/Documents/WTFproject/Proj/Content/Proj/Isometric-Interiors/Meshes/SM_Wall_3_7.uasset" 477
"../../../../../../Users/misha/Documents/WTFproject/Proj/Content/Proj/Isometric-Interiors/Meshes/SM_Wall_3_6.uasset" 478
"../../../../../../Users/misha/Documents/WTFproject/Proj/Content/Proj/Isometric-Interiors/Meshes/SM_Toilet_Seat.uasset" 479
"../../../../../../Users/misha/Documents/WTFproject/Proj/Content/Proj/Isometric-Interiors/Meshes/SM_Table_6B.uasset" 480
"../../../../../../Users/misha/Documents/WTFproject/Proj/Content/Proj/Isometric-Interiors/Meshes/SM_Table_6A.uasset" 481
"../../../../../../Users/misha/Documents/WTFproject/Proj/Content/Proj/Isometric-Interiors/Meshes/SM_Table_3.uasset" 482
"../../../../../../Users/misha/Documents/WTFproject/Proj/Content/Proj/Isometric-Interiors/Meshes/SM_Table_2.uasset" 483
"../../../../../../Users/misha/Documents/WTFproject/Proj/Content/Proj/Isometric-Interiors/Meshes/SM_Stool_2.uasset" 484
"../../../../../../Users/misha/Documents/WTFproject/Proj/Content/Proj/Isometric-Interiors/Meshes/SM_Stool_1B.uasset" 485
"../../../../../../Users/misha/Documents/WTFproject/Proj/Content/Proj/Isometric-Interiors/Meshes/SM_Speaker.uasset" 486
"../../../../../../Users/misha/Documents/WTFproject/Proj/Content/Proj/Isometric-Interiors/Meshes/SM_Shelves_3B.uasset" 487
"../../../../../../Users/misha/Documents/WTFproject/Proj/Content/Proj/Isometric-Interiors/Meshes/SM_Shelves_1B.uasset" 488
"../../../../../../Users/misha/Documents/WTFproject/Proj/Content/Proj/Isometric-Interiors/Meshes/SM_Shelves_1A.uasset" 489
"../../../../../../Users/misha/Documents/WTFproject/Proj/Content/Proj/Isometric-Interiors/Meshes/SM_Pot_Flower_2.uasset" 490
"../../../../../../Users/misha/Documents/WTFproject/Proj/Content/Proj/Isometric-Interiors/Meshes/SM_Pot_Flower_1.uasset" 491
"../../../../../../Users/misha/Documents/WTFproject/Proj/Content/Proj/Isometric-Interiors/Meshes/SM_Pillow_1B.uasset" 492
"../../../../../../Users/misha/Documents/WTFproject/Proj/Content/Proj/Isometric-Interiors/Meshes/SM_Pillow_1A.uasset" 493
"../../../../../../Users/misha/Documents/WTFproject/Proj/Content/Proj/Isometric-Interiors/Meshes/SM_Phone.uasset" 494
"../../../../../../Users/misha/Documents/WTFproject/Proj/Content/Proj/Isometric-Interiors/Meshes/SM_Paint_9.uasset" 495
"../../../../../../Users/misha/Documents/WTFproject/Proj/Content/Proj/Isometric-Interiors/Meshes/SM_Paint_7.uasset" 496
"../../../../../../Users/misha/Documents/WTFproject/Proj/Content/Proj/Placeables/Interactables/BP_InteractableBase.uasset" 497
"../../../Engine/Content/VREditor/LaserPointer/HoverMaterial.uasset" 498
"../../../../../../Users/misha/Documents/WTFproject/Proj/Content/Geometry/Meshes/CubeMaterial.uasset" 499
"../../../../../../Users/misha/Documents/WTFproject/Proj/Content/Geometry/Meshes/1M_Cube.uasset" 500
"../../../../../../Users/misha/Documents/WTFproject/Proj/Content/Proj/Data/SDocs.uasset" 501
"../../../../../../Users/misha/Documents/WTFproject/Proj/Content/Proj/Sounds/51464__smcameron__bombexplosion.uasset" 502
"../../../../../../Users/misha/Documents/WTFproject/Proj/Content/Proj/Core/UI/WB_HP.uasset" 503
"../../../Engine/Content/EngineResources/AICON-Green.uasset" 504
"../../../../../../Users/misha/Documents/WTFproject/Proj/Content/Proj/Core/UI/WB_Item.uasset" 505
"../../../../../../Users/misha/Documents/WTFproject/Proj/Content/Proj/Core/UI/WB_Inventory.uasset" 506
"../../../../../../Users/misha/Documents/WTFproject/Proj/Content/Proj/Core/UI/WB_Main.uasset" 507
"../../../../../../Users/misha/Documents/WTFproject/Proj/Content/Proj/Core/UI/LoadingPlayer.uasset" 508
"../../../../../../Users/misha/Documents/WTFproject/Proj/Content/Proj/Core/UI/Loading.uasset" 509
"../../../../../../Users/misha/Documents/WTFproject/Proj/Content/Proj/Core/UI/Loading_Mat.uasset" 510
"../../../../../../Users/misha/Documents/WTFproject/Proj/Content/Proj/Core/UI/Lift_4.uasset" 511
"../../../../../../Users/misha/Documents/WTFproject/Proj/Content/Proj/Core/UI/Lift_3.uasset" 512
"../../../../../../Users/misha/Documents/WTFproject/Proj/Content/Proj/Core/UI/Lift_2.uasset" 513
"../../../../../../Users/misha/Documents/WTFproject/Proj/Content/Proj/Core/UI/Lift_1.uasset" 514
"../../../../../../Users/misha/Documents/WTFproject/Proj/Content/Proj/Core/UI/Loadings.uasset" 515
"../../../../../../Users/misha/Documents/WTFproject/Proj/Content/Proj/Core/UI/WB_Loading.uasset" 516
"../../../../../../Users/misha/Documents/WTFproject/Proj/Content/Proj/Core/UI/Scene.uasset" 517
"../../../../../../Users/misha/Documents/WTFproject/Proj/Content/Proj/Core/UI/WB_MainMenu.uasset" 518
"../../../../../../Users/misha/Documents/WTFproject/Proj/Content/Proj/Core/UI/WB_Options.uasset" 519
"../../../../../../Users/misha/Documents/WTFproject/Proj/Content/Proj/Core/UI/WB_InGameMenu.uasset" 520
"../../../../../../Users/misha/Documents/WTFproject/Proj/Content/Proj/Core/EBaffs.uasset" 521
"../../../../../../Users/misha/Documents/WTFproject/Proj/Content/Proj/Core/Character/ShotGun_Skeleton.uasset" 522
"../../../../../../Users/misha/Documents/WTFproject/Proj/Content/Proj/Core/Character/ShotGun_PhysicsAsset.uasset" 523
"../../../../../../Users/misha/Documents/WTFproject/Proj/Content/Proj/Core/AI/Characters/Secretary/Hair.uasset" 524
"../../../../../../Users/misha/Documents/WTFproject/Proj/Content/Proj/Core/Character/ShotGun.uasset" 525
"../../../../../../Users/misha/Documents/WTFproject/Proj/Content/Proj/Core/Character/Idle_Aiming_PhysicsAsset.uasset" 526
"../../../../../../Users/misha/Documents/WTFproject/Proj/Content/Proj/Core/Character/Suit.uasset" 527
"../../../../../../Users/misha/Documents/WTFproject/Proj/Content/Proj/Core/Character/Skin.uasset" 528
"../../../../../../Users/misha/Documents/WTFproject/Proj/Content/Proj/Core/Character/Pants.uasset" 529
"../../../../../../Users/misha/Documents/WTFproject/Proj/Content/Proj/Core/Character/Idle_Aiming_Skeleton.uasset" 530
"../../../../../../Users/misha/Documents/WTFproject/Proj/Content/Proj/Core/Character/Idle_Aiming.uasset" 531
"../../../../../../Users/misha/Documents/WTFproject/Proj/Content/Proj/Sounds/426308__mtjohnson__hollywood-punch.uasset" 532
"../../../../../../Users/misha/Documents/WTFproject/Proj/Content/Mannequin/Character/Mesh/UE4_Mannequin_Skeleton.uasset" 533
"../../../../../../Users/misha/Documents/WTFproject/Proj/Content/Mannequin/Animations/ThirdPersonWalk.uasset" 534
"../../../../../../Users/misha/Documents/WTFproject/Proj/Content/Mannequin/Animations/ThirdPersonRun.uasset" 535
"../../../../../../Users/misha/Documents/WTFproject/Proj/Content/Mannequin/Animations/ThirdPersonIdle.uasset" 536
"../../../../../../Users/misha/Documents/WTFproject/Proj/Content/Mannequin/Animations/ThirdPerson_IdleRun_2D.uasset" 537
"../../../../../../Users/misha/Documents/WTFproject/Proj/Content/Mannequin/Animations/ThirdPerson_Jump.uasset" 538
"../../../../../../Users/misha/Documents/WTFproject/Proj/Content/Mannequin/Animations/ThirdPersonJump_Start.uasset" 539
"../../../../../../Users/misha/Documents/WTFproject/Proj/Content/Mannequin/Animations/ThirdPersonJump_Loop.uasset" 540
"../../../../../../Users/misha/Documents/WTFproject/Proj/Content/Mannequin/Animations/ThirdPerson_AnimBP.uasset" 541
"../../../../../../Users/misha/Documents/WTFproject/Proj/Content/Proj/Core/AI/BTT_FindRandomPosition.uasset" 542
"../../../../../../Users/misha/Documents/WTFproject/Proj/Content/Proj/Core/AI/BTT_ChasePlayer.uasset" 543
"../../../../../../Users/misha/Documents/WTFproject/Proj/Content/Proj/Core/AI/BPI_Interaction.uasset" 544
"../../../../../../Users/misha/Documents/WTFproject/Proj/Content/Proj/Core/AI/BTT_Attack.uasset" 545
"../../../../../../Users/misha/Documents/WTFproject/Proj/Content/Proj/Core/AI/BB_AI.uasset" 546
"../../../../../../Users/misha/Documents/WTFproject/Proj/Content/Proj/Core/AI/BT_AI.uasset" 547
"../../../../../../Users/misha/Documents/WTFproject/Proj/Content/Proj/Core/AI/C_AI.uasset" 548
"../../../../../../Users/misha/Documents/WTFproject/Proj/Content/Proj/Placeables/ElevatorMat.uasset" 549
"../../../../../../Users/misha/Documents/WTFproject/Proj/Content/Proj/Placeables/ElevatorDoors.uasset" 550
"../../../../../../Users/misha/Documents/WTFproject/Proj/Content/Proj/Placeables/ElevatorDoors_001.uasset" 551
"../../../../../../Users/misha/Documents/WTFproject/Proj/Content/Proj/Placeables/ElevatorFloor.uasset" 552
"../../../../../../Users/misha/Documents/WTFproject/Proj/Content/Proj/Placeables/TransparentWall.uasset" 553
"../../../../../../Users/misha/Documents/WTFproject/Proj/Content/Proj/Placeables/Elevator.uasset" 554
"../../../../../../Users/misha/Documents/WTFproject/Proj/Content/Proj/Placeables/ElevatorWall.uasset" 555
"../../../../../../Users/misha/Documents/WTFproject/Proj/Content/Proj/Placeables/Interactables/Elevator/BP_Elevator.uasset" 556
"../../../../../../Users/misha/Documents/WTFproject/Proj/Content/Proj/Core/PC_Main.uasset" 557
"../../../../../../Users/misha/Documents/WTFproject/Proj/Content/Proj/Core/GM_Main.uasset" 558
"../../../../../../Users/misha/Documents/WTFproject/Proj/Content/Mannequin/Character/Textures/UE4Man_Logo_N.uasset" 559
"../../../../../../Users/misha/Documents/WTFproject/Proj/Content/Mannequin/Character/Textures/UE4_Mannequin_MAT_MASKA.uasset" 560
"../../../../../../Users/misha/Documents/WTFproject/Proj/Content/Mannequin/Character/Textures/UE4_Mannequin__normals.uasset" 561
"../../../../../../Users/misha/Documents/WTFproject/Proj/Content/Mannequin/Character/Materials/MaterialLayers/T_ML_Aluminum01_N.uasset" 562
"../../../../../../Users/misha/Documents/WTFproject/Proj/Content/Mannequin/Character/Materials/MaterialLayers/T_ML_Aluminum01.uasset" 563
"../../../../../../Users/misha/Documents/WTFproject/Proj/Content/Mannequin/Character/Materials/MaterialLayers/ML_SoftMetal_UE4.uasset" 564
"../../../../../../Users/misha/Documents/WTFproject/Proj/Content/Mannequin/Character/Textures/UE4_LOGO_CARD.uasset" 565
"../../../../../../Users/misha/Documents/WTFproject/Proj/Content/Mannequin/Character/Materials/MaterialLayers/ML_Plastic_Shiny_Beige_LOGO.uasset" 566
"../../../../../../Users/misha/Documents/WTFproject/Proj/Content/Mannequin/Character/Materials/MaterialLayers/ML_Plastic_Shiny_Beige.uasset" 567
"../../../../../../Users/misha/Documents/WTFproject/Proj/Content/Mannequin/Character/Materials/MaterialLayers/T_ML_Rubber_Blue_01_N.uasset" 568
"../../../../../../Users/misha/Documents/WTFproject/Proj/Content/Mannequin/Character/Materials/MaterialLayers/T_ML_Rubber_Blue_01_D.uasset" 569
"../../../../../../Users/misha/Documents/WTFproject/Proj/Content/Mannequin/Character/Materials/MaterialLayers/ML_GlossyBlack_Latex_UE4.uasset" 570
"../../../Engine/Content/Functions/MaterialLayerFunctions/MatLayerBlend_Simple.uasset" 571
"../../../Engine/Content/Functions/Engine_MaterialFunctions02/Utility/BlendAngleCorrectedNormals.uasset" 572
"../../../Engine/Content/Functions/MaterialLayerFunctions/MatLayerBlend_NormalBlend.uasset" 573
"../../../../../../Users/misha/Documents/WTFproject/Proj/Content/Mannequin/Character/Materials/M_UE4Man_Body.uasset" 574
"../../../../../../Users/misha/Documents/WTFproject/Proj/Content/Mannequin/Character/Materials/M_UE4Man_ChestLogo.uasset" 575
"../../../../../../Users/misha/Documents/WTFproject/Proj/Content/Mannequin/Character/Mesh/SK_Mannequin_PhysicsAsset.uasset" 576
"../../../../../../Users/misha/Documents/WTFproject/Proj/Content/Mannequin/Character/Mesh/SK_Mannequin.uasset" 577
"../../../../../../Users/misha/Documents/WTFproject/Proj/Content/Proj/Core/AI/BP_EnemyBase.uasset" 578
"../../../../../../Users/misha/Documents/WTFproject/Proj/Content/Proj/Sounds/369778__morganpurkis__snow-step-2.uasset" 579
"../../../../../../Users/misha/Documents/WTFproject/Proj/Content/Proj/Sounds/270421__littlerobotsoundfactory__footstep-dirt-08.uasset" 580
"../../../../../../Users/misha/Documents/WTFproject/Proj/Content/Proj/Core/Character/Run_Right.uasset" 581
"../../../../../../Users/misha/Documents/WTFproject/Proj/Content/Proj/Core/Character/Run_Left.uasset" 582
"../../../../../../Users/misha/Documents/WTFproject/Proj/Content/Proj/Core/Character/Run_Forward.uasset" 583
"../../../../../../Users/misha/Documents/WTFproject/Proj/Content/Proj/Core/Character/Run_Backward.uasset" 584
"../../../../../../Users/misha/Documents/WTFproject/Proj/Content/Proj/Core/Character/Idle_Aiming_Anim.uasset" 585
"../../../../../../Users/misha/Documents/WTFproject/Proj/Content/Proj/Core/Character/BS_IdleRun.uasset" 586
"../../../../../../Users/misha/Documents/WTFproject/Proj/Content/Proj/Core/Character/AB_Hero.uasset" 587
"../../../../../../Users/misha/Documents/WTFproject/Proj/Content/InfinityBladeEffects/Effects/FX_Textures/Fire/T_Fireball_02_SubUV_4_4.uasset" 588
"../../../Engine/Content/EngineResources/Black.uasset" 589
"../../../../../../Users/misha/Documents/WTFproject/Proj/Content/InfinityBladeEffects/Effects/Masters/M_Trans_Sprite_SubUV_Master.uasset" 590
"../../../../../../Users/misha/Documents/WTFproject/Proj/Content/InfinityBladeEffects/Effects/FX_Materials/Fire/M_Fireball_03_4_4_INST.uasset" 591
"../../../../../../Users/misha/Documents/WTFproject/Proj/Content/InfinityBladeEffects/Effects/FX_Textures/Smoke/T_SmokeBall_01_8_8.uasset" 592
"../../../../../../Users/misha/Documents/WTFproject/Proj/Content/InfinityBladeEffects/Effects/Masters/M_Add_Sprite_SubUV_Master.uasset" 593
"../../../../../../Users/misha/Documents/WTFproject/Proj/Content/InfinityBladeEffects/Effects/FX_Materials/Smoke/M_Smoke_01_8X8_INST.uasset" 594
"../../../../../../Users/misha/Documents/WTFproject/Proj/Content/InfinityBladeEffects/Effects/FX_Textures/Gradient/T_starFlare_03.uasset" 595
"../../../../../../Users/misha/Documents/WTFproject/Proj/Content/InfinityBladeEffects/Effects/Masters/M_Add_Sprite_Master.uasset" 596
"../../../../../../Users/misha/Documents/WTFproject/Proj/Content/InfinityBladeEffects/Effects/FX_Materials/Gradient/M_Flare_04_INST.uasset" 597
"../../../../../../Users/misha/Documents/WTFproject/Proj/Content/InfinityBladeEffects/Effects/FX_Textures/Fire/T_Fire_subUV_6X6.uasset" 598
"../../../../../../Users/misha/Documents/WTFproject/Proj/Content/InfinityBladeEffects/Effects/FX_Materials/Fire/M_Fire_01_Add_6X6_INST.uasset" 599
"../../../../../../Users/misha/Documents/WTFproject/Proj/Content/InfinityBladeEffects/Effects/FX_Textures/Spark/T_Sparks_04_SubUV_1_4.uasset" 600
"../../../../../../Users/misha/Documents/WTFproject/Proj/Content/InfinityBladeEffects/Effects/FX_Materials/Spark/M_Spark_04_SubUV_1_4_INST.uasset" 601
"../../../../../../Users/misha/Documents/WTFproject/Proj/Content/InfinityBladeEffects/Effects/FX_Monsters/FX_Monster_Gruntling/Master/P_BackPack_MuzzleFlash.uasset" 602
"../../../../../../Users/misha/Documents/WTFproject/Proj/Content/Proj/Core/BP_Hero.uasset" 603
"../../../../../../Users/misha/Documents/WTFproject/Proj/Content/Proj/Placeables/Interactables/Documents/BP_Docs.uasset" 604
"../../../../../../Users/misha/Documents/WTFproject/Proj/Content/Proj/Placeables/Interactables/Documents/BP_Passport.uasset" 605
"../../../Engine/Content/EditorLandscapeResources/LandscapeGizmoHeightLookup.uasset" 606
"../../../../../../Users/misha/Documents/WTFproject/Proj/Content/Proj/Placeables/Interactables/Documents/BP_Drug.uasset" 607
"../../../Engine/Content/EngineDebugMaterials/VertexColorViewMode_BlueOnly.uasset" 608
"../../../Engine/Content/EditorMaterials/Cascade/CASC_Normal.uasset" 609
"../../../../../../Users/misha/Documents/WTFproject/Proj/Content/Proj/Placeables/Interactables/Documents/BP_DriverCard.uasset" 610
"../../../Engine/Content/Functions/Engine_MaterialFunctions02/ExampleContent/TextureBasedWPO/DemoBox_Normals.uasset" 611
"../../../Engine/Content/EditorMaterials/MatineeGroups/MAT_ColorTrack.uasset" 612
"../../../Engine/Content/EditorMaterials/MatineeGroups/MAT_ColorTrack_Mat.uasset" 613
"../../../../../../Users/misha/Documents/WTFproject/Proj/Content/Proj/Placeables/Interactables/Documents/BP_Birth.uasset" 614
"../../../Engine/Content/EngineMaterials/DefaultCubemap.uasset" 615
"../../../Engine/Content/EngineMaterials/CubeMaterial.uasset" 616
"../../../Engine/Content/EditorMaterials/Cascade/CASC_Solo_On.uasset" 617
"../../../../../../Users/misha/Documents/WTFproject/Proj/Content/Proj/Placeables/Interactables/Documents/BP_Bank.uasset" 618
"../../../Engine/Content/EngineDebugMaterials/VertexColorViewMode_RedOnly.uasset" 619
"../../../Engine/Content/EngineResources/AICON-Red_Low.uasset" 620
"../../../../../../Users/misha/Documents/WTFproject/Proj/Content/Proj/Placeables/Interactables/Documents/BP_2NDFL.uasset" 621
"../../../../../../Users/misha/Documents/WTFproject/Proj/Content/Proj/Core/AI/Characters/Zombie/Material_001.uasset" 622
"../../../../../../Users/misha/Documents/WTFproject/Proj/Content/Proj/Core/AI/Characters/Zombie/Zombie_Attack_PhysicsAsset.uasset" 623
"../../../../../../Users/misha/Documents/WTFproject/Proj/Content/Proj/Core/AI/Characters/Zombie/Material_004.uasset" 624
"../../../../../../Users/misha/Documents/WTFproject/Proj/Content/Proj/Core/AI/Characters/Zombie/Material_003.uasset" 625
"../../../../../../Users/misha/Documents/WTFproject/Proj/Content/Proj/Core/AI/Characters/Zombie/Material_002.uasset" 626
"../../../../../../Users/misha/Documents/WTFproject/Proj/Content/Proj/Core/AI/Characters/Zombie/Material.uasset" 627
"../../../../../../Users/misha/Documents/WTFproject/Proj/Content/Proj/Core/AI/Characters/Zombie/Zombie_Attack_Skeleton.uasset" 628
"../../../../../../Users/misha/Documents/WTFproject/Proj/Content/Proj/Core/AI/Characters/Zombie/Zombie_Attack.uasset" 629
"../../../../../../Users/misha/Documents/WTFproject/Proj/Content/Proj/Core/AI/Characters/Zombie/Zombie_Running.uasset" 630
"../../../../../../Users/misha/Documents/WTFproject/Proj/Content/Proj/Core/AI/Characters/Zombie/Zombie_Idle.uasset" 631
"../../../../../../Users/misha/Documents/WTFproject/Proj/Content/Proj/Core/AI/Characters/Zombie/BS_WalkRunZombie.uasset" 632
"../../../../../../Users/misha/Documents/WTFproject/Proj/Content/Proj/Core/AI/Characters/Zombie/Zombie_Attack_Anim.uasset" 633
"../../../../../../Users/misha/Documents/WTFproject/Proj/Content/Proj/Core/AI/Characters/Zombie/AB_Zombie.uasset" 634
"../../../../../../Users/misha/Documents/WTFproject/Proj/Content/Proj/Core/AI/BP_Zombie.uasset" 635
"../../../../../../Users/misha/Documents/WTFproject/Proj/Content/Proj/Core/AI/Characters/Demon/NewDemon/IdleDemon_PhysicsAsset.uasset" 636
"../../../../../../Users/misha/Documents/WTFproject/Proj/Content/Proj/Core/AI/Characters/Demon/NewDemon/Suit_001.uasset" 637
"../../../../../../Users/misha/Documents/WTFproject/Proj/Content/Proj/Core/AI/Characters/Demon/NewDemon/Suit.uasset" 638
"../../../../../../Users/misha/Documents/WTFproject/Proj/Content/Proj/Core/AI/Characters/Demon/NewDemon/Skin.uasset" 639
"../../../../../../Users/misha/Documents/WTFproject/Proj/Content/Proj/Core/AI/Characters/Demon/NewDemon/Pants.uasset" 640
"../../../../../../Users/misha/Documents/WTFproject/Proj/Content/Proj/Core/AI/Characters/Demon/NewDemon/IdleDemon_Skeleton.uasset" 641
"../../../../../../Users/misha/Documents/WTFproject/Proj/Content/Proj/Core/AI/Characters/Demon/NewDemon/IdleDemon.uasset" 642
"../../../../../../Users/misha/Documents/WTFproject/Proj/Content/Proj/Core/AI/Characters/Demon/NewDemon/RunningDemon.uasset" 643
"../../../../../../Users/misha/Documents/WTFproject/Proj/Content/Proj/Core/AI/Characters/Demon/NewDemon/IdleDemon_Anim.uasset" 644
"../../../../../../Users/misha/Documents/WTFproject/Proj/Content/Proj/Core/AI/Characters/Demon/NewDemon/BS_IdleWalk.uasset" 645
"../../../../../../Users/misha/Documents/WTFproject/Proj/Content/Proj/Core/AI/Characters/Demon/NewDemon/PunchingDemon.uasset" 646
"../../../../../../Users/misha/Documents/WTFproject/Proj/Content/Proj/Core/AI/Characters/Demon/NewDemon/AB_Demon.uasset" 647
"../../../../../../Users/misha/Documents/WTFproject/Proj/Content/Proj/Core/AI/BP_Demon.uasset" 648
"../../../../../../Users/misha/Documents/WTFproject/Proj/Content/Proj/Core/AI/BP_SpawnPoints.uasset" 649
"../../../../../../Users/misha/Documents/WTFproject/Proj/Content/Proj/Isometric-Interiors/Meshes/SM_Paint_5.uasset" 650
"../../../../../../Users/misha/Documents/WTFproject/Proj/Content/Proj/Isometric-Interiors/Meshes/SM_Paint_4.uasset" 651
"../../../../../../Users/misha/Documents/WTFproject/Proj/Content/Proj/Isometric-Interiors/Meshes/SM_Paint_3.uasset" 652
"../../../../../../Users/misha/Documents/WTFproject/Proj/Content/Proj/Isometric-Interiors/Meshes/SM_Paint_14.uasset" 653
"../../../../../../Users/misha/Documents/WTFproject/Proj/Content/Proj/Isometric-Interiors/Meshes/SM_Paint_13.uasset" 654
"../../../../../../Users/misha/Documents/WTFproject/Proj/Content/Proj/Isometric-Interiors/Meshes/SM_Paint_12.uasset" 655
"../../../../../../Users/misha/Documents/WTFproject/Proj/Content/Proj/Isometric-Interiors/Meshes/SM_Paint_11.uasset" 656
"../../../../../../Users/misha/Documents/WTFproject/Proj/Content/Proj/Isometric-Interiors/Meshes/SM_Paint_10.uasset" 657
"../../../../../../Users/misha/Documents/WTFproject/Proj/Content/Proj/Isometric-Interiors/Meshes/SM_Paint_1.uasset" 658
"../../../../../../Users/misha/Documents/WTFproject/Proj/Content/Proj/Isometric-Interiors/Meshes/SM_Floor_4A.uasset" 659
"../../../../../../Users/misha/Documents/WTFproject/Proj/Content/Proj/Isometric-Interiors/Meshes/SM_Electric_Box.uasset" 660
"../../../../../../Users/misha/Documents/WTFproject/Proj/Content/Proj/Isometric-Interiors/Meshes/SM_DustBin_2.uasset" 661
"../../../../../../Users/misha/Documents/WTFproject/Proj/Content/Proj/Isometric-Interiors/Meshes/SM_DustBin_1.uasset" 662
"../../../../../../Users/misha/Documents/WTFproject/Proj/Content/Proj/Isometric-Interiors/Meshes/SM_Desk_2.uasset" 663
"../../../../../../Users/misha/Documents/WTFproject/Proj/Content/Proj/Isometric-Interiors/Meshes/SM_Desk_1.uasset" 664
"../../../../../../Users/misha/Documents/WTFproject/Proj/Content/Proj/Isometric-Interiors/Meshes/SM_Cup_4.uasset" 665
"../../../../../../Users/misha/Documents/WTFproject/Proj/Content/Proj/Isometric-Interiors/Meshes/SM_Cup_3.uasset" 666
"../../../../../../Users/misha/Documents/WTFproject/Proj/Content/Proj/Isometric-Interiors/Meshes/SM_Cup_2.uasset" 667
"../../../../../../Users/misha/Documents/WTFproject/Proj/Content/Proj/Isometric-Interiors/Meshes/SM_Cup_1.uasset" 668
"../../../../../../Users/misha/Documents/WTFproject/Proj/Content/Proj/Isometric-Interiors/Meshes/SM_Cupboard_2_4.uasset" 669
"../../../../../../Users/misha/Documents/WTFproject/Proj/Content/Proj/Isometric-Interiors/Meshes/SM_Cupboard_1_1.uasset" 670
"../../../../../../Users/misha/Documents/WTFproject/Proj/Content/Proj/Isometric-Interiors/Meshes/SM_Couch_2B.uasset" 671
"../../../../../../Users/misha/Documents/WTFproject/Proj/Content/Proj/Isometric-Interiors/Meshes/SM_Cooker.uasset" 672
"../../../../../../Users/misha/Documents/WTFproject/Proj/Content/Proj/Isometric-Interiors/Meshes/SM_Computer_5B.uasset" 673
"../../../../../../Users/misha/Documents/WTFproject/Proj/Content/Proj/Isometric-Interiors/Meshes/SM_Computer_4B.uasset" 674
"../../../../../../Users/misha/Documents/WTFproject/Proj/Content/Proj/Isometric-Interiors/Meshes/SM_Computer_4A.uasset" 675
"../../../../../../Users/misha/Documents/WTFproject/Proj/Content/Proj/Isometric-Interiors/Meshes/SM_Computer_3B.uasset" 676
"../../../../../../Users/misha/Documents/WTFproject/Proj/Content/Proj/Isometric-Interiors/Meshes/SM_Computer_3A.uasset" 677
"../../../../../../Users/misha/Documents/WTFproject/Proj/Content/Proj/Isometric-Interiors/Meshes/SM_Computer_2.uasset" 678
"../../../../../../Users/misha/Documents/WTFproject/Proj/Content/Proj/Isometric-Interiors/Meshes/SM_Computer_1.uasset" 679
"../../../../../../Users/misha/Documents/WTFproject/Proj/Content/Proj/Isometric-Interiors/Meshes/SM_Clock.uasset" 680
"../../../../../../Users/misha/Documents/WTFproject/Proj/Content/Proj/Isometric-Interiors/Meshes/SM_Chair_3.uasset" 681
"../../../../../../Users/misha/Documents/WTFproject/Proj/Content/Proj/Isometric-Interiors/Meshes/SM_Chair_1A.uasset" 682
"../../../../../../Users/misha/Documents/WTFproject/Proj/Content/Proj/Isometric-Interiors/Meshes/SM_Carpet_3C.uasset" 683
"../../../../../../Users/misha/Documents/WTFproject/Proj/Content/Proj/Isometric-Interiors/Meshes/SM_Carpet_3B.uasset" 684
"../../../../../../Users/misha/Documents/WTFproject/Proj/Content/Proj/Isometric-Interiors/Meshes/SM_Carpet_1C.uasset" 685
"../../../../../../Users/misha/Documents/WTFproject/Proj/Content/Proj/Isometric-Interiors/Meshes/SM_Carpet_1B.uasset" 686
"../../../../../../Users/misha/Documents/WTFproject/Proj/Content/Proj/Isometric-Interiors/Meshes/SM_Carpet_1A.uasset" 687
"../../../../../../Users/misha/Documents/WTFproject/Proj/Content/Proj/Isometric-Interiors/Meshes/SM_Bowl.uasset" 688
"../../../../../../Users/misha/Documents/WTFproject/Proj/Content/Proj/Isometric-Interiors/Meshes/SM_Bottle_2.uasset" 689
"../../../../../../Users/misha/Documents/WTFproject/Proj/Content/Proj/Isometric-Interiors/Meshes/SM_Bottle_1.uasset" 690
"../../../../../../Users/misha/Documents/WTFproject/Proj/Content/Proj/Isometric-Interiors/Meshes/SM_Books_6.uasset" 691
"../../../../../../Users/misha/Documents/WTFproject/Proj/Content/Proj/Isometric-Interiors/Meshes/SM_Books_3.uasset" 692
"../../../../../../Users/misha/Documents/WTFproject/Proj/Content/Proj/Isometric-Interiors/Meshes/SM_Books_2.uasset" 693
"../../../../../../Users/misha/Documents/WTFproject/Proj/Content/Proj/Isometric-Interiors/Meshes/SM_Books_1.uasset" 694
"../../../../../../Users/misha/Documents/WTFproject/Proj/Content/Proj/Isometric-Interiors/Meshes/SM_Bench.uasset" 695
"../../../Engine/Content/EngineSky/T_Sky_Stars.uasset" 696
"../../../Engine/Content/EngineSky/T_Sky_Clouds_M.uasset" 697
"../../../Engine/Content/EngineSky/T_Sky_Blue.uasset" 698
"../../../Engine/Content/EngineSky/M_Sky_Panning_Clouds2.uasset" 699
"../../../Engine/Content/EngineSky/SM_SkySphere.uasset" 700
"../../../Engine/Content/EngineSky/C_Sky_Zenith_Color.uasset" 701
"../../../Engine/Content/EngineSky/C_Sky_Horizon_Color.uasset" 702
"../../../Engine/Content/EngineSky/C_Sky_Cloud_Color.uasset" 703
"../../../Engine/Content/EngineSky/BP_Sky_Sphere.uasset" 704
"../../../Engine/Content/BasicShapes/Cube.uasset" 705
"../../../Engine/Content/BasicShapes/BasicShapeMaterial.uasset" 706
"../../../../../../Users/misha/Documents/WTFproject/Proj/Content/Proj/Maps/1floor.umap" 707
"../../../../../../Users/misha/Documents/WTFproject/Proj/Content/Proj/Isometric-Interiors/Meshes/SM_Wall_4_5.uasset" 708
"../../../../../../Users/misha/Documents/WTFproject/Proj/Content/Proj/Isometric-Interiors/Meshes/SM_Wall_4_10.uasset" 709
"../../../../../../Users/misha/Documents/WTFproject/Proj/Content/Proj/Isometric-Interiors/Meshes/SM_Paint_8.uasset" 710
"../../../../../../Users/misha/Documents/WTFproject/Proj/Content/Proj/Maps/2floor.umap" 711
"../../../../../../Users/misha/Documents/WTFproject/Proj/Content/Proj/Maps/3Floor.umap" 712
"../../../../../../Users/misha/Documents/WTFproject/Proj/Content/Proj/Maps/4Floor.umap" 713
"../../../../../../Users/misha/Documents/WTFproject/Proj/Content/Proj/Sound/Music_Cue.uasset" 714
"../../../../../../Users/misha/Documents/WTFproject/Proj/Content/Proj/Core/PC_MainMenu.uasset" 715
"../../../../../../Users/misha/Documents/WTFproject/Proj/Content/Proj/Core/GM_MainMenu.uasset" 716
"../../../../../../Users/misha/Documents/WTFproject/Proj/Content/Proj/Maps/MainMenu.umap" 717
"../../../../../../Users/misha/Documents/WTFproject/Proj/Content/Proj/Isometric-Interiors/Meshes/TrashCan.uasset" 718
"../../../../../../Users/misha/Documents/WTFproject/Proj/Content/Proj/Isometric-Interiors/Meshes/TrashTop.uasset" 719
"../../../../../../Users/misha/Documents/WTFproject/Proj/Content/Proj/Isometric-Interiors/Meshes/TrashBase.uasset" 720
"../../../../../../Users/misha/Documents/WTFproject/Proj/Content/Proj/Placeables/TrashCan.uasset" 721
"../../../../../../Users/misha/Documents/WTFproject/Proj/Content/Proj/Placeables/Flower2.uasset" 722
"../../../../../../Users/misha/Documents/WTFproject/Proj/Content/Proj/Placeables/Flower1.uasset" 723
"../../../../../../Users/misha/Documents/WTFproject/Proj/Content/Proj/Isometric-Interiors/Meshes/SM_Computer_5A.uasset" 724
"../../../../../../Users/misha/Documents/WTFproject/Proj/Content/Proj/Placeables/WorkingPlace.uasset" 725
"../../../../../../Users/misha/Documents/WTFproject/Proj/Content/Proj/Isometric-Interiors/Meshes/Cross.uasset" 726
"../../../../../../Users/misha/Documents/WTFproject/Proj/Content/Proj/Isometric-Interiors/Meshes/Black.uasset" 727
"../../../../../../Users/misha/Documents/WTFproject/Proj/Content/Proj/Isometric-Interiors/Meshes/Paper.uasset" 728
"../../../../../../Users/misha/Documents/WTFproject/Proj/Content/Proj/Isometric-Interiors/Meshes/Calendar.uasset" 729
"../../../../../../Users/misha/Documents/WTFproject/Proj/Content/Proj/Isometric-Interiors/Meshes/SM_Couch_2A.uasset" 730
"../../../../../../Users/misha/Documents/WTFproject/Proj/Content/Proj/Isometric-Interiors/Meshes/plane.uasset" 731
"../../../../../../Users/misha/Documents/WTFproject/Proj/Content/Proj/Isometric-Interiors/Meshes/Veshalka.uasset" 732
"../../../../../../Users/misha/Documents/WTFproject/Proj/Content/Proj/Isometric-Interiors/Meshes/TableMat.uasset" 733
"../../../../../../Users/misha/Documents/WTFproject/Proj/Content/Proj/Isometric-Interiors/Meshes/TableOffice.uasset" 734
"../../../../../../Users/misha/Documents/WTFproject/Proj/Content/Proj/Isometric-Interiors/Meshes/Table.uasset" 735
"../../../../../../Users/misha/Documents/WTFproject/Proj/Content/Proj/Isometric-Interiors/Meshes/RegisterTable.uasset" 736
"../../../../../../Users/misha/Documents/WTFproject/Proj/Content/Proj/Isometric-Interiors/Meshes/WallCoverDown.uasset" 737
"../../../../../../Users/misha/Documents/WTFproject/Proj/Content/Proj/Isometric-Interiors/Meshes/WallCover2.uasset" 738
"../../../../../../Users/misha/Documents/WTFproject/Proj/Content/Proj/Isometric-Interiors/Meshes/WallCover1_001.uasset" 739
"../../../../../../Users/misha/Documents/WTFproject/Proj/Content/Proj/Isometric-Interiors/Meshes/OfficeWallwDoor.uasset" 740
"../../../../../../Users/misha/Documents/WTFproject/Proj/Content/Proj/Isometric-Interiors/Meshes/WallCoverDown_001.uasset" 741
"../../../../../../Users/misha/Documents/WTFproject/Proj/Content/Proj/Isometric-Interiors/Meshes/WallCover2_001.uasset" 742
"../../../../../../Users/misha/Documents/WTFproject/Proj/Content/Proj/Isometric-Interiors/Meshes/WallCover1_002.uasset" 743
"../../../../../../Users/misha/Documents/WTFproject/Proj/Content/Proj/Isometric-Interiors/Meshes/OfficeWallCorner.uasset" 744
"../../../../../../Users/misha/Documents/WTFproject/Proj/Content/Proj/Isometric-Interiors/Meshes/OfficeWall.uasset" 745
"../../../../../../Users/misha/Documents/WTFproject/Proj/Content/Proj/Isometric-Interiors/Meshes/Plate.uasset" 746
"../../../../../../Users/misha/Documents/WTFproject/Proj/Content/Proj/Isometric-Interiors/Meshes/Metal.uasset" 747
"../../../../../../Users/misha/Documents/WTFproject/Proj/Content/Proj/Isometric-Interiors/Meshes/OfficeMid.uasset" 748
"../../../../../../Users/misha/Documents/WTFproject/Proj/Content/Proj/Isometric-Interiors/Meshes/PaperYellow.uasset" 749
"../../../../../../Users/misha/Documents/WTFproject/Proj/Content/Proj/Isometric-Interiors/Meshes/Clock.uasset" 750
"../../../../../../Users/misha/Documents/WTFproject/Proj/Content/Proj/Isometric-Interiors/Meshes/ClockOBED.uasset" 751
"../../../../../../Users/misha/Documents/WTFproject/Proj/Content/Proj/Isometric-Interiors/Meshes/SM_Paint_2.uasset" 752
"../../../../../../Users/misha/Documents/WTFproject/Proj/Content/Proj/Isometric-Interiors/Meshes/SM_Kitchen_Cabinet_5A.uasset" 753
"../../../../../../Users/misha/Documents/WTFproject/Proj/Content/Proj/Isometric-Interiors/Meshes/SM_Table_1B.uasset" 754
"../../../../../../Users/misha/Documents/WTFproject/Proj/Content/Proj/Isometric-Interiors/Mirror_Cubemap/Mirror_1_Tex.uasset" 755
"../../../../../../Users/misha/Documents/WTFproject/Proj/Content/Proj/Isometric-Interiors/Materials/M_Mirror_Glass.uasset" 756
"../../../../../../Users/misha/Documents/WTFproject/Proj/Content/Proj/Isometric-Interiors/Meshes/SM_Mirror.uasset" 757
"../../../../../../Users/misha/Documents/WTFproject/Proj/Content/Proj/Isometric-Interiors/Meshes/SM_Lamp_night_1A.uasset" 758
"../../../../../../Users/misha/Documents/WTFproject/Proj/Content/Proj/Isometric-Interiors/Meshes/SM_Lamp_1A.uasset" 759
"../../../../../../Users/misha/Documents/WTFproject/Proj/Content/Proj/Isometric-Interiors/Meshes/SM_Stool_1A.uasset" 760
"../../../../../../Users/misha/Documents/WTFproject/Proj/Content/Proj/Isometric-Interiors/Meshes/SM_Paint_6.uasset" 761
"../../../../../../Users/misha/Documents/WTFproject/Proj/Content/Proj/Isometric-Interiors/Meshes/SM_Couch_3B.uasset" 762
"../../../../../../Users/misha/Documents/WTFproject/Proj/Content/Proj/Isometric-Interiors/Mirror_Cubemap/Mirror_4_Tex.uasset" 763
"../../../../../../Users/misha/Documents/WTFproject/Proj/Content/Proj/Isometric-Interiors/Materials/M_Mirror_Glass_4.uasset" 764
"../../../../../../Users/misha/Documents/WTFproject/Proj/Content/Proj/Isometric-Interiors/Meshes/SM_Microwave_Oven.uasset" 765
"../../../../../../Users/misha/Documents/WTFproject/Proj/Content/Proj/Isometric-Interiors/Meshes/SM_Couch_3A.uasset" 766
"../../../Engine/Content/BasicShapes/Plane.uasset" 767
"../../../../../../Users/misha/Documents/WTFproject/Proj/Content/Proj/Maps/blocks/Levels/Var1.umap" 768
"../../../../../../Users/misha/Documents/WTFproject/Proj/Content/Proj/Core/AI/Characters/Secretary/Typing_Skeleton.uasset" 769
"../../../../../../Users/misha/Documents/WTFproject/Proj/Content/Proj/Core/AI/Characters/Secretary/Typing_PhysicsAsset.uasset" 770
"../../../../../../Users/misha/Documents/WTFproject/Proj/Content/Proj/Core/AI/Characters/Secretary/Suit.uasset" 771
"../../../../../../Users/misha/Documents/WTFproject/Proj/Content/Proj/Core/AI/Characters/Secretary/Skin.uasset" 772
"../../../../../../Users/misha/Documents/WTFproject/Proj/Content/Proj/Core/AI/Characters/Secretary/Pants.uasset" 773
"../../../../../../Users/misha/Documents/WTFproject/Proj/Content/Proj/Core/AI/Characters/Secretary/Horns.uasset" 774
"../../../../../../Users/misha/Documents/WTFproject/Proj/Content/Proj/Core/AI/Characters/Secretary/Typing.uasset" 775
"../../../../../../Users/misha/Documents/WTFproject/Proj/Content/Proj/Core/AI/BP_Secretary.uasset" 776
"../../../../../../Users/misha/Documents/WTFproject/Proj/Content/Proj/Isometric-Interiors/Meshes/SM_Table_4.uasset" 777
"../../../../../../Users/misha/Documents/WTFproject/Proj/Content/Proj/Isometric-Interiors/Meshes/SM_Drawer_4.uasset" 778
"../../../../../../Users/misha/Documents/WTFproject/Proj/Content/Proj/Isometric-Interiors/Meshes/SM_Couch_4A.uasset" 779
"../../../../../../Users/misha/Documents/WTFproject/Proj/Content/Proj/Isometric-Interiors/Meshes/SM_Carpet_3A.uasset" 780
"../../../../../../Users/misha/Documents/WTFproject/Proj/Content/Proj/Maps/boss.umap" 781
"../../../../../../Users/misha/Documents/WTFproject/Proj/Content/Proj/Maps/Transit.umap" 782
"../../../../../../Users/misha/Documents/WTFproject/Proj/Content/Proj/Isometric-Interiors/Meshes/SM_Cupboard_2_3.uasset" 783
"../../../../../../Users/misha/Documents/WTFproject/Proj/Content/Proj/Maps/blocks/Levels/Var2.umap" 784
