Log file open, 12/23/20 11:54:04
LogInit: Display: Running engine for game: Proj
LogPlatformFile: Not using cached read wrapper
LogTaskGraph: Started task graph with 5 named threads and 35 total threads with 3 sets of task threads.
LogStats: Stats thread started at 0.349266
LogD3D11RHI: Loaded GFSDK_Aftermath_Lib.x64.dll
LogICUInternationalization: ICU TimeZone Detection - Raw Offset: +3:00, Platform Override: ''
LogPluginManager: Mounting plugin Paper2D
LogPluginManager: Mounting plugin AISupport
LogPluginManager: Mounting plugin LightPropagationVolume
LogPluginManager: Mounting plugin CameraShakePreviewer
LogPluginManager: Mounting plugin ActorLayerUtilities
LogPluginManager: Mounting plugin AnimationSharing
LogPluginManager: Mounting plugin CLionSourceCodeAccess
LogPluginManager: Mounting plugin CodeLiteSourceCodeAccess
LogPluginManager: Mounting plugin GitSourceControl
LogPluginManager: Mounting plugin KDevelopSourceCodeAccess
LogPluginManager: Mounting plugin NullSourceCodeAccess
LogPluginManager: Mounting plugin PerforceSourceControl
LogPluginManager: Mounting plugin PlasticSourceControl
LogPluginManager: Mounting plugin RiderSourceCodeAccess
LogPluginManager: Mounting plugin SubversionSourceControl
LogPluginManager: Mounting plugin UObjectPlugin
LogPluginManager: Mounting plugin VisualStudioCodeSourceCodeAccess
LogPluginManager: Mounting plugin VisualStudioSourceCodeAccess
LogPluginManager: Mounting plugin XCodeSourceCodeAccess
LogPluginManager: Mounting plugin AssetManagerEditor
LogPluginManager: Mounting plugin CryptoKeys
LogPluginManager: Mounting plugin CurveEditorTools
LogPluginManager: Mounting plugin DataValidation
LogPluginManager: Mounting plugin EditorScriptingUtilities
LogPluginManager: Mounting plugin FacialAnimation
LogPluginManager: Mounting plugin GameplayTagsEditor
LogPluginManager: Mounting plugin GeometryMode
LogPluginManager: Mounting plugin MacGraphicsSwitching
LogPluginManager: Mounting plugin MaterialAnalyzer
LogPluginManager: Mounting plugin MobileLauncherProfileWizard
LogPluginManager: Mounting plugin PluginBrowser
LogPluginManager: Mounting plugin SpeedTreeImporter
LogPluginManager: Mounting plugin DatasmithContent
LogPluginManager: Mounting plugin VariantManagerContent
LogPluginManager: Mounting plugin AlembicImporter
LogPluginManager: Mounting plugin AutomationUtils
LogPluginManager: Mounting plugin BackChannel
LogPluginManager: Mounting plugin ChaosCloth
LogPluginManager: Mounting plugin ChaosClothEditor
LogPluginManager: Mounting plugin ChaosEditor
LogPluginManager: Mounting plugin ChaosNiagara
LogPluginManager: Mounting plugin ChaosSolverPlugin
LogPluginManager: Mounting plugin CharacterAI
LogPluginManager: Mounting plugin GeometryCache
LogPluginManager: Mounting plugin GeometryCollectionPlugin
LogPluginManager: Mounting plugin GeometryProcessing
LogPluginManager: Mounting plugin PlanarCut
LogPluginManager: Mounting plugin PlatformCrypto
LogPluginManager: Mounting plugin ProxyLODPlugin
LogPluginManager: Mounting plugin SkeletalReduction
LogPluginManager: Mounting plugin Niagara
LogPluginManager: Mounting plugin MagicLeap
LogPluginManager: Mounting plugin MagicLeapLightEstimation
LogPluginManager: Mounting plugin MagicLeapMedia
LogPluginManager: Mounting plugin MagicLeapPassableWorld
LogPluginManager: Mounting plugin MLSDK
LogPluginManager: Mounting plugin AndroidMedia
LogPluginManager: Mounting plugin AvfMedia
LogPluginManager: Mounting plugin ImgMedia
LogPluginManager: Mounting plugin MediaCompositing
LogPluginManager: Mounting plugin MediaPlayerEditor
LogPluginManager: Mounting plugin WebMMedia
LogPluginManager: Mounting plugin WmfMedia
LogPluginManager: Mounting plugin MeshPainting
LogPluginManager: Mounting plugin TcpMessaging
LogPluginManager: Mounting plugin UdpMessaging
LogPluginManager: Mounting plugin ActorSequence
LogPluginManager: Mounting plugin LevelSequenceEditor
LogPluginManager: Mounting plugin MatineeToLevelSequence
LogPluginManager: Mounting plugin MovieRenderPipeline
LogPluginManager: Mounting plugin TemplateSequence
LogPluginManager: Mounting plugin NetcodeUnitTest
LogPluginManager: Mounting plugin NUTUnrealEngine4
LogPluginManager: Mounting plugin OnlineSubsystemGooglePlay
LogPluginManager: Mounting plugin OnlineSubsystemIOS
LogPluginManager: Mounting plugin OnlineSubsystem
LogPluginManager: Mounting plugin OnlineSubsystemNull
LogPluginManager: Mounting plugin OnlineSubsystemUtils
LogPluginManager: Mounting plugin LauncherChunkInstaller
LogPluginManager: Mounting plugin AndroidDeviceProfileSelector
LogPluginManager: Mounting plugin AndroidMoviePlayer
LogPluginManager: Mounting plugin AndroidPermission
LogPluginManager: Mounting plugin AppleImageUtils
LogPluginManager: Mounting plugin AppleMoviePlayer
LogPluginManager: Mounting plugin ArchVisCharacter
LogPluginManager: Mounting plugin AssetTags
LogPluginManager: Mounting plugin AudioCapture
LogPluginManager: Mounting plugin CableComponent
LogPluginManager: Mounting plugin CustomMeshComponent
LogPluginManager: Mounting plugin EditableMesh
LogPluginManager: Mounting plugin ExampleDeviceProfileSelector
LogPluginManager: Mounting plugin GoogleCloudMessaging
LogPluginManager: Mounting plugin GooglePAD
LogPluginManager: Mounting plugin IOSDeviceProfileSelector
LogPluginManager: Mounting plugin LinuxDeviceProfileSelector
LogPluginManager: Mounting plugin LocationServicesBPLibrary
LogPluginManager: Mounting plugin MobilePatchingUtils
LogPluginManager: Mounting plugin OculusVR
LogPluginManager: Mounting plugin PhysXVehicles
LogPluginManager: Mounting plugin PostSplashScreen
LogPluginManager: Mounting plugin ProceduralMeshComponent
LogPluginManager: Mounting plugin RuntimePhysXCooking
LogPluginManager: Mounting plugin SignificanceManager
LogPluginManager: Mounting plugin SoundFields
LogPluginManager: Mounting plugin SteamVR
LogPluginManager: Mounting plugin Synthesis
LogPluginManager: Mounting plugin WebMMoviePlayer
LogPluginManager: Mounting plugin WindowsMoviePlayer
LogPluginManager: Mounting plugin ScreenshotTools
LogInit: Using libcurl 7.55.1-DEV
LogInit:  - built for x86_64-pc-win32
LogInit:  - supports SSL with OpenSSL/1.1.1
LogInit:  - supports HTTP deflate (compression) using libz 1.2.8
LogInit:  - other features:
LogInit:      CURL_VERSION_SSL
LogInit:      CURL_VERSION_LIBZ
LogInit:      CURL_VERSION_IPV6
LogInit:      CURL_VERSION_ASYNCHDNS
LogInit:      CURL_VERSION_LARGEFILE
LogInit:      CURL_VERSION_IDN
LogInit:  CurlRequestOptions (configurable via config and command line):
LogInit:  - bVerifyPeer = true  - Libcurl will verify peer certificate
LogInit:  - bUseHttpProxy = false  - Libcurl will NOT use HTTP proxy
LogInit:  - bDontReuseConnections = false  - Libcurl will reuse connections
LogInit:  - MaxHostConnections = 16  - Libcurl will limit the number of connections to a host
LogInit:  - LocalHostAddr = Default
LogInit:  - BufferSize = 65536
LogOnline: OSS: Creating online subsystem instance for: NULL
LogInit: WinSock: version 1.1 (2.2), MaxSocks=32767, MaxUdp=65467
LogOnline: OSS: TryLoadSubsystemAndSetDefault: Loaded subsystem for module [NULL]
LogInit: Build: ++UE4+Release-4.25-CL-13942748
LogInit: Engine Version: 4.25.3-13942748+++UE4+Release-4.25
LogInit: Compatible Engine Version: 4.25.0-13144385+++UE4+Release-4.25
LogInit: Net CL: 13144385
LogInit: OS: Windows 10 (Release 1909) (), CPU: Intel(R) Core(TM) i7-8750H CPU @ 2.20GHz, GPU: Intel(R) UHD Graphics 630
LogInit: Compiled (64-bit): Jul 25 2020 02:07:48
LogInit: Compiled with Visual C++: 19.24.28315.00
LogInit: Build Configuration: Development
LogInit: Branch Name: ++UE4+Release-4.25
LogInit: Command Line:  /Game/Proj/Maps/Transit -game -PIEVIACONSOLE -Multiprocess GameUserSettingsINI=D:/WTFproject/Proj/Saved/Config/Windows/PIEGameUserSettings0.ini -MultiprocessSaveConfig -MultiprocessOSS -messaging -SessionName="Play in Standalone Game" -windowed -ResX=1280 -ResY=720
LogInit: Base Directory: D:/Epic Games/UE_4.25/Engine/Binaries/Win64/
LogInit: Allocator: TBB
LogInit: Installed Engine Build: 1
LogDevObjectVersion: Number of dev versions registered: 26
LogDevObjectVersion:   Dev-Blueprints (B0D832E4-1F89-4F0D-ACCF-7EB736FD4AA2): 10
LogDevObjectVersion:   Dev-Build (E1C64328-A22C-4D53-A36C-8E866417BD8C): 0
LogDevObjectVersion:   Dev-Core (375EC13C-06E4-48FB-B500-84F0262A717E): 4
LogDevObjectVersion:   Dev-Editor (E4B068ED-F494-42E9-A231-DA0B2E46BB41): 38
LogDevObjectVersion:   Dev-Framework (CFFC743F-43B0-4480-9391-14DF171D2073): 37
LogDevObjectVersion:   Dev-Mobile (B02B49B5-BB20-44E9-A304-32B752E40360): 2
LogDevObjectVersion:   Dev-Networking (A4E4105C-59A1-49B5-A7C5-40C4547EDFEE): 0
LogDevObjectVersion:   Dev-Online (39C831C9-5AE6-47DC-9A44-9C173E1C8E7C): 0
LogDevObjectVersion:   Dev-Physics (78F01B33-EBEA-4F98-B9B4-84EACCB95AA2): 4
LogDevObjectVersion:   Dev-Platform (6631380F-2D4D-43E0-8009-CF276956A95A): 0
LogDevObjectVersion:   Dev-Rendering (12F88B9F-8875-4AFC-A67C-D90C383ABD29): 43
LogDevObjectVersion:   Dev-Sequencer (7B5AE74C-D270-4C10-A958-57980B212A5A): 12
LogDevObjectVersion:   Dev-VR (D7296918-1DD6-4BDD-9DE2-64A83CC13884): 3
LogDevObjectVersion:   Dev-LoadTimes (C2A15278-BFE7-4AFE-6C17-90FF531DF755): 1
LogDevObjectVersion:   Private-Geometry (6EACA3D4-40EC-4CC1-B786-8BED09428FC5): 3
LogDevObjectVersion:   Dev-AnimPhys (29E575DD-E0A3-4627-9D10-D276232CDCEA): 17
LogDevObjectVersion:   Dev-Anim (AF43A65D-7FD3-4947-9873-3E8ED9C1BB05): 7
LogDevObjectVersion:   Dev-ReflectionCapture (6B266CEC-1EC7-4B8F-A30B-E4D90942FC07): 1
LogDevObjectVersion:   Dev-Automation (0DF73D61-A23F-47EA-B727-89E90C41499A): 1
LogDevObjectVersion:   FortniteMain (601D1886-AC64-4F84-AA16-D3DE0DEAC7D6): 31
LogDevObjectVersion:   Dev-Enterprise (9DFFBCD6-494F-0158-E221-12823C92A888): 10
LogDevObjectVersion:   Dev-Niagara (F2AED0AC-9AFE-416F-8664-AA7FFA26D6FC): 1
LogDevObjectVersion:   Dev-Destruction (174F1F0B-B4C6-45A5-B13F-2EE8D0FB917D): 10
LogDevObjectVersion:   Dev-Physics-Ext (35F94A83-E258-406C-A318-09F59610247C): 37
LogDevObjectVersion:   Dev-PhysicsMaterial-Chaos (B68FC16E-8B1B-42E2-B453-215C058844FE): 1
LogDevObjectVersion:   Dev-CineCamera (B2E18506-4273-CFC2-A54E-F4BB758BBA07): 1
LogInit: Presizing for max 25165824 objects, including 0 objects not considered by GC, pre-allocating 0 bytes for permanent pool.
LogConfig: Applying CVar settings from Section [/Script/Engine.StreamingSettings] File [D:/WTFproject/Proj/Saved/Config/Windows/Engine.ini]
LogConfig: Setting CVar [[s.MinBulkDataSizeForAsyncLoading:131072]]
LogConfig: Setting CVar [[s.AsyncLoadingThreadEnabled:0]]
LogConfig: Setting CVar [[s.EventDrivenLoaderEnabled:1]]
LogConfig: Setting CVar [[s.WarnIfTimeLimitExceeded:0]]
LogConfig: Setting CVar [[s.TimeLimitExceededMultiplier:1.5]]
LogConfig: Setting CVar [[s.TimeLimitExceededMinTime:0.005]]
LogConfig: Setting CVar [[s.UseBackgroundLevelStreaming:1]]
LogConfig: Setting CVar [[s.PriorityAsyncLoadingExtraTime:15.0]]
LogConfig: Setting CVar [[s.LevelStreamingActorsUpdateTimeLimit:5.0]]
LogConfig: Setting CVar [[s.PriorityLevelStreamingActorsUpdateExtraTime:5.0]]
LogConfig: Setting CVar [[s.LevelStreamingComponentsRegistrationGranularity:10]]
LogConfig: Setting CVar [[s.UnregisterComponentsTimeLimit:1.0]]
LogConfig: Setting CVar [[s.LevelStreamingComponentsUnregistrationGranularity:5]]
LogConfig: Setting CVar [[s.FlushStreamingOnExit:1]]
LogInit: Object subsystem initialized
LogConfig: Setting CVar [[con.DebugEarlyDefault:1]]
LogConfig: Setting CVar [[r.setres:1280x720]]
[2020.12.23-08.54.05:370][  0]LogConfig: Setting CVar [[con.DebugEarlyDefault:1]]
[2020.12.23-08.54.05:370][  0]LogConfig: Setting CVar [[r.setres:1280x720]]
[2020.12.23-08.54.05:370][  0]LogConfig: Applying CVar settings from Section [/Script/Engine.RendererSettings] File [D:/WTFproject/Proj/Saved/Config/Windows/Engine.ini]
[2020.12.23-08.54.05:370][  0]LogConfig: Setting CVar [[r.GPUCrashDebugging:0]]
[2020.12.23-08.54.05:370][  0]LogConfig: Applying CVar settings from Section [/Script/Engine.RendererOverrideSettings] File [D:/WTFproject/Proj/Saved/Config/Windows/Engine.ini]
[2020.12.23-08.54.05:370][  0]LogConfig: Applying CVar settings from Section [/Script/Engine.StreamingSettings] File [D:/WTFproject/Proj/Saved/Config/Windows/Engine.ini]
[2020.12.23-08.54.05:370][  0]LogConfig: Setting CVar [[s.MinBulkDataSizeForAsyncLoading:131072]]
[2020.12.23-08.54.05:370][  0]LogConfig: Setting CVar [[s.AsyncLoadingThreadEnabled:0]]
[2020.12.23-08.54.05:370][  0]LogConfig: Setting CVar [[s.EventDrivenLoaderEnabled:1]]
[2020.12.23-08.54.05:371][  0]LogConfig: Setting CVar [[s.WarnIfTimeLimitExceeded:0]]
[2020.12.23-08.54.05:371][  0]LogConfig: Setting CVar [[s.TimeLimitExceededMultiplier:1.5]]
[2020.12.23-08.54.05:371][  0]LogConfig: Setting CVar [[s.TimeLimitExceededMinTime:0.005]]
[2020.12.23-08.54.05:371][  0]LogConfig: Setting CVar [[s.UseBackgroundLevelStreaming:1]]
[2020.12.23-08.54.05:371][  0]LogConfig: Setting CVar [[s.PriorityAsyncLoadingExtraTime:15.0]]
[2020.12.23-08.54.05:371][  0]LogConfig: Setting CVar [[s.LevelStreamingActorsUpdateTimeLimit:5.0]]
[2020.12.23-08.54.05:371][  0]LogConfig: Setting CVar [[s.PriorityLevelStreamingActorsUpdateExtraTime:5.0]]
[2020.12.23-08.54.05:371][  0]LogConfig: Setting CVar [[s.LevelStreamingComponentsRegistrationGranularity:10]]
[2020.12.23-08.54.05:371][  0]LogConfig: Setting CVar [[s.UnregisterComponentsTimeLimit:1.0]]
[2020.12.23-08.54.05:371][  0]LogConfig: Setting CVar [[s.LevelStreamingComponentsUnregistrationGranularity:5]]
[2020.12.23-08.54.05:371][  0]LogConfig: Setting CVar [[s.FlushStreamingOnExit:1]]
[2020.12.23-08.54.05:371][  0]LogConfig: Applying CVar settings from Section [/Script/Engine.GarbageCollectionSettings] File [D:/WTFproject/Proj/Saved/Config/Windows/Engine.ini]
[2020.12.23-08.54.05:371][  0]LogConfig: Setting CVar [[gc.MaxObjectsNotConsideredByGC:1]]
[2020.12.23-08.54.05:371][  0]LogConfig: Setting CVar [[gc.SizeOfPermanentObjectPool:0]]
[2020.12.23-08.54.05:371][  0]LogConfig: Setting CVar [[gc.FlushStreamingOnGC:0]]
[2020.12.23-08.54.05:371][  0]LogConfig: Setting CVar [[gc.NumRetriesBeforeForcingGC:10]]
[2020.12.23-08.54.05:371][  0]LogConfig: Setting CVar [[gc.AllowParallelGC:1]]
[2020.12.23-08.54.05:371][  0]LogConfig: Setting CVar [[gc.TimeBetweenPurgingPendingKillObjects:61.1]]
[2020.12.23-08.54.05:371][  0]LogConfig: Setting CVar [[gc.MaxObjectsInEditor:25165824]]
[2020.12.23-08.54.05:371][  0]LogConfig: Setting CVar [[gc.IncrementalBeginDestroyEnabled:1]]
[2020.12.23-08.54.05:371][  0]LogConfig: Setting CVar [[gc.CreateGCClusters:1]]
[2020.12.23-08.54.05:371][  0]LogConfig: Setting CVar [[gc.MinGCClusterSize:5]]
[2020.12.23-08.54.05:371][  0]LogConfig: Setting CVar [[gc.ActorClusteringEnabled:0]]
[2020.12.23-08.54.05:371][  0]LogConfig: Setting CVar [[gc.BlueprintClusteringEnabled:0]]
[2020.12.23-08.54.05:371][  0]LogConfig: Setting CVar [[gc.UseDisregardForGCOnDedicatedServers:0]]
[2020.12.23-08.54.05:371][  0]LogConfig: Applying CVar settings from Section [/Script/Engine.NetworkSettings] File [D:/WTFproject/Proj/Saved/Config/Windows/Engine.ini]
[2020.12.23-08.54.05:371][  0]LogConfig: Applying CVar settings from Section [/Script/UnrealEd.CookerSettings] File [D:/WTFproject/Proj/Saved/Config/Windows/Engine.ini]
[2020.12.23-08.54.05:376][  0]LogConfig: Applying CVar settings from Section [ViewDistanceQuality@3] File [D:/WTFproject/Proj/Saved/Config/Windows/Scalability.ini]
[2020.12.23-08.54.05:376][  0]LogConfig: Setting CVar [[r.SkeletalMeshLODBias:0]]
[2020.12.23-08.54.05:376][  0]LogConfig: Setting CVar [[r.ViewDistanceScale:1.0]]
[2020.12.23-08.54.05:376][  0]LogConfig: Applying CVar settings from Section [AntiAliasingQuality@3] File [D:/WTFproject/Proj/Saved/Config/Windows/Scalability.ini]
[2020.12.23-08.54.05:376][  0]LogConfig: Setting CVar [[r.PostProcessAAQuality:4]]
[2020.12.23-08.54.05:376][  0]LogConfig: Applying CVar settings from Section [ShadowQuality@3] File [D:/WTFproject/Proj/Saved/Config/Windows/Scalability.ini]
[2020.12.23-08.54.05:376][  0]LogConfig: Setting CVar [[r.LightFunctionQuality:1]]
[2020.12.23-08.54.05:376][  0]LogConfig: Setting CVar [[r.ShadowQuality:5]]
[2020.12.23-08.54.05:376][  0]LogConfig: Setting CVar [[r.Shadow.CSM.MaxCascades:10]]
[2020.12.23-08.54.05:376][  0]LogConfig: Setting CVar [[r.Shadow.MaxResolution:2048]]
[2020.12.23-08.54.05:376][  0]LogConfig: Setting CVar [[r.Shadow.MaxCSMResolution:2048]]
[2020.12.23-08.54.05:376][  0]LogConfig: Setting CVar [[r.Shadow.RadiusThreshold:0.01]]
[2020.12.23-08.54.05:376][  0]LogConfig: Setting CVar [[r.Shadow.DistanceScale:1.0]]
[2020.12.23-08.54.05:376][  0]LogConfig: Setting CVar [[r.Shadow.CSM.TransitionScale:1.0]]
[2020.12.23-08.54.05:376][  0]LogConfig: Setting CVar [[r.Shadow.PreShadowResolutionFactor:1.0]]
[2020.12.23-08.54.05:377][  0]LogConfig: Setting CVar [[r.DistanceFieldShadowing:1]]
[2020.12.23-08.54.05:377][  0]LogConfig: Setting CVar [[r.DistanceFieldAO:1]]
[2020.12.23-08.54.05:377][  0]LogConfig: Setting CVar [[r.AOQuality:2]]
[2020.12.23-08.54.05:377][  0]LogConfig: Setting CVar [[r.VolumetricFog:1]]
[2020.12.23-08.54.05:377][  0]LogConfig: Setting CVar [[r.VolumetricFog.GridPixelSize:8]]
[2020.12.23-08.54.05:377][  0]LogConfig: Setting CVar [[r.VolumetricFog.GridSizeZ:128]]
[2020.12.23-08.54.05:377][  0]LogConfig: Setting CVar [[r.VolumetricFog.HistoryMissSupersampleCount:4]]
[2020.12.23-08.54.05:377][  0]LogConfig: Setting CVar [[r.LightMaxDrawDistanceScale:1]]
[2020.12.23-08.54.05:377][  0]LogConfig: Setting CVar [[r.CapsuleShadows:1]]
[2020.12.23-08.54.05:377][  0]LogConfig: Applying CVar settings from Section [PostProcessQuality@3] File [D:/WTFproject/Proj/Saved/Config/Windows/Scalability.ini]
[2020.12.23-08.54.05:377][  0]LogConfig: Setting CVar [[r.MotionBlurQuality:4]]
[2020.12.23-08.54.05:377][  0]LogConfig: Setting CVar [[r.AmbientOcclusionMipLevelFactor:0.4]]
[2020.12.23-08.54.05:377][  0]LogConfig: Setting CVar [[r.AmbientOcclusionMaxQuality:100]]
[2020.12.23-08.54.05:377][  0]LogConfig: Setting CVar [[r.AmbientOcclusionLevels:-1]]
[2020.12.23-08.54.05:377][  0]LogConfig: Setting CVar [[r.AmbientOcclusionRadiusScale:1.0]]
[2020.12.23-08.54.05:377][  0]LogConfig: Setting CVar [[r.DepthOfFieldQuality:2]]
[2020.12.23-08.54.05:377][  0]LogConfig: Setting CVar [[r.RenderTargetPoolMin:400]]
[2020.12.23-08.54.05:377][  0]LogConfig: Setting CVar [[r.LensFlareQuality:2]]
[2020.12.23-08.54.05:377][  0]LogConfig: Setting CVar [[r.SceneColorFringeQuality:1]]
[2020.12.23-08.54.05:377][  0]LogConfig: Setting CVar [[r.EyeAdaptationQuality:2]]
[2020.12.23-08.54.05:377][  0]LogConfig: Setting CVar [[r.BloomQuality:5]]
[2020.12.23-08.54.05:377][  0]LogConfig: Setting CVar [[r.FastBlurThreshold:100]]
[2020.12.23-08.54.05:377][  0]LogConfig: Setting CVar [[r.Upscale.Quality:3]]
[2020.12.23-08.54.05:377][  0]LogConfig: Setting CVar [[r.Tonemapper.GrainQuantization:1]]
[2020.12.23-08.54.05:377][  0]LogConfig: Setting CVar [[r.LightShaftQuality:1]]
[2020.12.23-08.54.05:377][  0]LogConfig: Setting CVar [[r.Filter.SizeScale:1]]
[2020.12.23-08.54.05:377][  0]LogConfig: Setting CVar [[r.Tonemapper.Quality:5]]
[2020.12.23-08.54.05:377][  0]LogConfig: Setting CVar [[r.DOF.Gather.AccumulatorQuality:1        ; higher gathering accumulator quality]]
[2020.12.23-08.54.05:377][  0]LogConfig: Setting CVar [[r.DOF.Gather.PostfilterMethod:1          ; Median3x3 postfilering method]]
[2020.12.23-08.54.05:377][  0]LogConfig: Setting CVar [[r.DOF.Gather.EnableBokehSettings:0       ; no bokeh simulation when gathering]]
[2020.12.23-08.54.05:377][  0]LogConfig: Setting CVar [[r.DOF.Gather.RingCount:4                 ; medium number of samples when gathering]]
[2020.12.23-08.54.05:377][  0]LogConfig: Setting CVar [[r.DOF.Scatter.ForegroundCompositing:1    ; additive foreground scattering]]
[2020.12.23-08.54.05:377][  0]LogConfig: Setting CVar [[r.DOF.Scatter.BackgroundCompositing:2    ; additive background scattering]]
[2020.12.23-08.54.05:377][  0]LogConfig: Setting CVar [[r.DOF.Scatter.EnableBokehSettings:1      ; bokeh simulation when scattering]]
[2020.12.23-08.54.05:377][  0]LogConfig: Setting CVar [[r.DOF.Scatter.MaxSpriteRatio:0.1         ; only a maximum of 10% of scattered bokeh]]
[2020.12.23-08.54.05:377][  0]LogConfig: Setting CVar [[r.DOF.Recombine.Quality:1                ; cheap slight out of focus]]
[2020.12.23-08.54.05:378][  0]LogConfig: Setting CVar [[r.DOF.Recombine.EnableBokehSettings:0    ; no bokeh simulation on slight out of focus]]
[2020.12.23-08.54.05:378][  0]LogConfig: Setting CVar [[r.DOF.TemporalAAQuality:1                ; more stable temporal accumulation]]
[2020.12.23-08.54.05:378][  0]LogConfig: Setting CVar [[r.DOF.Kernel.MaxForegroundRadius:0.025]]
[2020.12.23-08.54.05:378][  0]LogConfig: Setting CVar [[r.DOF.Kernel.MaxBackgroundRadius:0.025]]
[2020.12.23-08.54.05:378][  0]LogConfig: Applying CVar settings from Section [TextureQuality@3] File [D:/WTFproject/Proj/Saved/Config/Windows/Scalability.ini]
[2020.12.23-08.54.05:378][  0]LogConfig: Setting CVar [[r.Streaming.MipBias:0]]
[2020.12.23-08.54.05:378][  0]LogConfig: Setting CVar [[r.Streaming.AmortizeCPUToGPUCopy:0]]
[2020.12.23-08.54.05:378][  0]LogConfig: Setting CVar [[r.Streaming.MaxNumTexturesToStreamPerFrame:0]]
[2020.12.23-08.54.05:378][  0]LogConfig: Setting CVar [[r.Streaming.Boost:1]]
[2020.12.23-08.54.05:378][  0]LogConfig: Setting CVar [[r.MaxAnisotropy:8]]
[2020.12.23-08.54.05:378][  0]LogConfig: Setting CVar [[r.VT.MaxAnisotropy:8]]
[2020.12.23-08.54.05:378][  0]LogConfig: Setting CVar [[r.Streaming.LimitPoolSizeToVRAM:0]]
[2020.12.23-08.54.05:378][  0]LogConfig: Setting CVar [[r.Streaming.PoolSize:1000]]
[2020.12.23-08.54.05:378][  0]LogConfig: Setting CVar [[r.Streaming.MaxEffectiveScreenSize:0]]
[2020.12.23-08.54.05:378][  0]LogConfig: Applying CVar settings from Section [EffectsQuality@3] File [D:/WTFproject/Proj/Saved/Config/Windows/Scalability.ini]
[2020.12.23-08.54.05:378][  0]LogConfig: Setting CVar [[r.TranslucencyLightingVolumeDim:64]]
[2020.12.23-08.54.05:378][  0]LogConfig: Setting CVar [[r.RefractionQuality:2]]
[2020.12.23-08.54.05:378][  0]LogConfig: Setting CVar [[r.SSR.Quality:3]]
[2020.12.23-08.54.05:378][  0]LogConfig: Setting CVar [[r.SSR.HalfResSceneColor:0]]
[2020.12.23-08.54.05:378][  0]LogConfig: Setting CVar [[r.SceneColorFormat:4]]
[2020.12.23-08.54.05:378][  0]LogConfig: Setting CVar [[r.DetailMode:2]]
[2020.12.23-08.54.05:378][  0]LogConfig: Setting CVar [[r.TranslucencyVolumeBlur:1]]
[2020.12.23-08.54.05:378][  0]LogConfig: Setting CVar [[r.MaterialQualityLevel:1 ; High quality]]
[2020.12.23-08.54.05:378][  0]LogConfig: Setting CVar [[r.SSS.Scale:1]]
[2020.12.23-08.54.05:378][  0]LogConfig: Setting CVar [[r.SSS.SampleSet:2]]
[2020.12.23-08.54.05:378][  0]LogConfig: Setting CVar [[r.SSS.Quality:1]]
[2020.12.23-08.54.05:378][  0]LogConfig: Setting CVar [[r.SSS.HalfRes:0]]
[2020.12.23-08.54.05:378][  0]LogConfig: Setting CVar [[r.SSGI.Quality:3]]
[2020.12.23-08.54.05:378][  0]LogConfig: Setting CVar [[r.EmitterSpawnRateScale:1.0]]
[2020.12.23-08.54.05:378][  0]LogConfig: Setting CVar [[r.ParticleLightQuality:2]]
[2020.12.23-08.54.05:378][  0]LogConfig: Setting CVar [[r.SkyAtmosphere.AerialPerspectiveLUT.FastApplyOnOpaque:1 ; Always have FastSkyLUT 1 in this case to avoid wrong sky]]
[2020.12.23-08.54.05:378][  0]LogConfig: Setting CVar [[r.SkyAtmosphere.AerialPerspectiveLUT.SampleCountPerSlice:1]]
[2020.12.23-08.54.05:378][  0]LogConfig: Setting CVar [[r.SkyAtmosphere.AerialPerspectiveLUT.DepthResolution:16.0]]
[2020.12.23-08.54.05:378][  0]LogConfig: Setting CVar [[r.SkyAtmosphere.FastSkyLUT:1]]
[2020.12.23-08.54.05:378][  0]LogConfig: Setting CVar [[r.SkyAtmosphere.FastSkyLUT.SampleCountMin:4.0]]
[2020.12.23-08.54.05:378][  0]LogConfig: Setting CVar [[r.SkyAtmosphere.FastSkyLUT.SampleCountMax:32.0]]
[2020.12.23-08.54.05:378][  0]LogConfig: Setting CVar [[r.SkyAtmosphere.SampleCountMin:4.0]]
[2020.12.23-08.54.05:378][  0]LogConfig: Setting CVar [[r.SkyAtmosphere.SampleCountMax:32.0]]
[2020.12.23-08.54.05:379][  0]LogConfig: Setting CVar [[r.SkyAtmosphere.TransmittanceLUT.UseSmallFormat:0]]
[2020.12.23-08.54.05:379][  0]LogConfig: Setting CVar [[r.SkyAtmosphere.TransmittanceLUT.SampleCount:10.0]]
[2020.12.23-08.54.05:379][  0]LogConfig: Setting CVar [[r.SkyAtmosphere.MultiScatteringLUT.SampleCount:15.0]]
[2020.12.23-08.54.05:379][  0]LogConfig: Applying CVar settings from Section [FoliageQuality@3] File [D:/WTFproject/Proj/Saved/Config/Windows/Scalability.ini]
[2020.12.23-08.54.05:379][  0]LogConfig: Setting CVar [[foliage.DensityScale:1.0]]
[2020.12.23-08.54.05:379][  0]LogConfig: Setting CVar [[grass.DensityScale:1.0]]
[2020.12.23-08.54.05:379][  0]LogConfig: Applying CVar settings from Section [ShadingQuality@3] File [D:/WTFproject/Proj/Saved/Config/Windows/Scalability.ini]
[2020.12.23-08.54.05:379][  0]LogConfig: Setting CVar [[r.HairStrands.SkyLighting.SampleCount:16]]
[2020.12.23-08.54.05:379][  0]LogConfig: Setting CVar [[r.HairStrands.SkyLighting.JitterIntegration:0]]
[2020.12.23-08.54.05:379][  0]LogConfig: Setting CVar [[r.HairStrands.SkyAO.SampleCount:16]]
[2020.12.23-08.54.05:379][  0]LogConfig: Setting CVar [[r.HairStrands.DeepShadow.SuperSampling:0]]
[2020.12.23-08.54.05:379][  0]LogConfig: Setting CVar [[r.HairStrands.VisibilityPPLL:0]]
[2020.12.23-08.54.05:379][  0]LogConfig: Setting CVar [[r.HairStrands.RasterizationScale:0.5]]
[2020.12.23-08.54.05:379][  0]LogConfig: Setting CVar [[r.HairStrands.VelocityRasterizationScale:1]]
[2020.12.23-08.54.05:379][  0]LogInit: Selected Device Profile: [Windows]
[2020.12.23-08.54.05:379][  0]LogInit: Applying CVar settings loaded from the selected device profile: [Windows]
[2020.12.23-08.54.05:379][  0]LogHAL: Display: Platform has ~ 16 GB [17032601600 / 17179869184 / 16], which maps to Larger [LargestMinGB=32, LargerMinGB=12, DefaultMinGB=8, SmallerMinGB=6, SmallestMinGB=0)
[2020.12.23-08.54.05:379][  0]LogInit: Going up to parent DeviceProfile []
[2020.12.23-08.54.05:379][  0]LogConfig: Applying CVar settings from Section [ViewDistanceQuality@3] File [D:/WTFproject/Proj/Saved/Config/Windows/Scalability.ini]
[2020.12.23-08.54.05:379][  0]LogConfig: Setting CVar [[r.SkeletalMeshLODBias:0]]
[2020.12.23-08.54.05:379][  0]LogConfig: Setting CVar [[r.ViewDistanceScale:1.0]]
[2020.12.23-08.54.05:379][  0]LogConfig: Applying CVar settings from Section [AntiAliasingQuality@3] File [D:/WTFproject/Proj/Saved/Config/Windows/Scalability.ini]
[2020.12.23-08.54.05:380][  0]LogConfig: Setting CVar [[r.PostProcessAAQuality:4]]
[2020.12.23-08.54.05:380][  0]LogConfig: Applying CVar settings from Section [ShadowQuality@3] File [D:/WTFproject/Proj/Saved/Config/Windows/Scalability.ini]
[2020.12.23-08.54.05:380][  0]LogConfig: Setting CVar [[r.LightFunctionQuality:1]]
[2020.12.23-08.54.05:380][  0]LogConfig: Setting CVar [[r.ShadowQuality:5]]
[2020.12.23-08.54.05:380][  0]LogConfig: Setting CVar [[r.Shadow.CSM.MaxCascades:10]]
[2020.12.23-08.54.05:380][  0]LogConfig: Setting CVar [[r.Shadow.MaxResolution:2048]]
[2020.12.23-08.54.05:380][  0]LogConfig: Setting CVar [[r.Shadow.MaxCSMResolution:2048]]
[2020.12.23-08.54.05:380][  0]LogConfig: Setting CVar [[r.Shadow.RadiusThreshold:0.01]]
[2020.12.23-08.54.05:380][  0]LogConfig: Setting CVar [[r.Shadow.DistanceScale:1.0]]
[2020.12.23-08.54.05:380][  0]LogConfig: Setting CVar [[r.Shadow.CSM.TransitionScale:1.0]]
[2020.12.23-08.54.05:380][  0]LogConfig: Setting CVar [[r.Shadow.PreShadowResolutionFactor:1.0]]
[2020.12.23-08.54.05:380][  0]LogConfig: Setting CVar [[r.DistanceFieldShadowing:1]]
[2020.12.23-08.54.05:380][  0]LogConfig: Setting CVar [[r.DistanceFieldAO:1]]
[2020.12.23-08.54.05:380][  0]LogConfig: Setting CVar [[r.AOQuality:2]]
[2020.12.23-08.54.05:380][  0]LogConfig: Setting CVar [[r.VolumetricFog:1]]
[2020.12.23-08.54.05:380][  0]LogConfig: Setting CVar [[r.VolumetricFog.GridPixelSize:8]]
[2020.12.23-08.54.05:380][  0]LogConfig: Setting CVar [[r.VolumetricFog.GridSizeZ:128]]
[2020.12.23-08.54.05:380][  0]LogConfig: Setting CVar [[r.VolumetricFog.HistoryMissSupersampleCount:4]]
[2020.12.23-08.54.05:380][  0]LogConfig: Setting CVar [[r.LightMaxDrawDistanceScale:1]]
[2020.12.23-08.54.05:380][  0]LogConfig: Setting CVar [[r.CapsuleShadows:1]]
[2020.12.23-08.54.05:380][  0]LogConfig: Applying CVar settings from Section [PostProcessQuality@3] File [D:/WTFproject/Proj/Saved/Config/Windows/Scalability.ini]
[2020.12.23-08.54.05:380][  0]LogConfig: Setting CVar [[r.MotionBlurQuality:4]]
[2020.12.23-08.54.05:380][  0]LogConfig: Setting CVar [[r.AmbientOcclusionMipLevelFactor:0.4]]
[2020.12.23-08.54.05:380][  0]LogConfig: Setting CVar [[r.AmbientOcclusionMaxQuality:100]]
[2020.12.23-08.54.05:380][  0]LogConfig: Setting CVar [[r.AmbientOcclusionLevels:-1]]
[2020.12.23-08.54.05:380][  0]LogConfig: Setting CVar [[r.AmbientOcclusionRadiusScale:1.0]]
[2020.12.23-08.54.05:380][  0]LogConfig: Setting CVar [[r.DepthOfFieldQuality:2]]
[2020.12.23-08.54.05:380][  0]LogConfig: Setting CVar [[r.RenderTargetPoolMin:400]]
[2020.12.23-08.54.05:380][  0]LogConfig: Setting CVar [[r.LensFlareQuality:2]]
[2020.12.23-08.54.05:380][  0]LogConfig: Setting CVar [[r.SceneColorFringeQuality:1]]
[2020.12.23-08.54.05:380][  0]LogConfig: Setting CVar [[r.EyeAdaptationQuality:2]]
[2020.12.23-08.54.05:380][  0]LogConfig: Setting CVar [[r.BloomQuality:5]]
[2020.12.23-08.54.05:380][  0]LogConfig: Setting CVar [[r.FastBlurThreshold:100]]
[2020.12.23-08.54.05:380][  0]LogConfig: Setting CVar [[r.Upscale.Quality:3]]
[2020.12.23-08.54.05:380][  0]LogConfig: Setting CVar [[r.Tonemapper.GrainQuantization:1]]
[2020.12.23-08.54.05:380][  0]LogConfig: Setting CVar [[r.LightShaftQuality:1]]
[2020.12.23-08.54.05:380][  0]LogConfig: Setting CVar [[r.Filter.SizeScale:1]]
[2020.12.23-08.54.05:380][  0]LogConfig: Setting CVar [[r.Tonemapper.Quality:5]]
[2020.12.23-08.54.05:381][  0]LogConfig: Setting CVar [[r.DOF.Gather.AccumulatorQuality:1        ; higher gathering accumulator quality]]
[2020.12.23-08.54.05:381][  0]LogConfig: Setting CVar [[r.DOF.Gather.PostfilterMethod:1          ; Median3x3 postfilering method]]
[2020.12.23-08.54.05:381][  0]LogConfig: Setting CVar [[r.DOF.Gather.EnableBokehSettings:0       ; no bokeh simulation when gathering]]
[2020.12.23-08.54.05:381][  0]LogConfig: Setting CVar [[r.DOF.Gather.RingCount:4                 ; medium number of samples when gathering]]
[2020.12.23-08.54.05:381][  0]LogConfig: Setting CVar [[r.DOF.Scatter.ForegroundCompositing:1    ; additive foreground scattering]]
[2020.12.23-08.54.05:381][  0]LogConfig: Setting CVar [[r.DOF.Scatter.BackgroundCompositing:2    ; additive background scattering]]
[2020.12.23-08.54.05:381][  0]LogConfig: Setting CVar [[r.DOF.Scatter.EnableBokehSettings:1      ; bokeh simulation when scattering]]
[2020.12.23-08.54.05:381][  0]LogConfig: Setting CVar [[r.DOF.Scatter.MaxSpriteRatio:0.1         ; only a maximum of 10% of scattered bokeh]]
[2020.12.23-08.54.05:381][  0]LogConfig: Setting CVar [[r.DOF.Recombine.Quality:1                ; cheap slight out of focus]]
[2020.12.23-08.54.05:381][  0]LogConfig: Setting CVar [[r.DOF.Recombine.EnableBokehSettings:0    ; no bokeh simulation on slight out of focus]]
[2020.12.23-08.54.05:381][  0]LogConfig: Setting CVar [[r.DOF.TemporalAAQuality:1                ; more stable temporal accumulation]]
[2020.12.23-08.54.05:381][  0]LogConfig: Setting CVar [[r.DOF.Kernel.MaxForegroundRadius:0.025]]
[2020.12.23-08.54.05:381][  0]LogConfig: Setting CVar [[r.DOF.Kernel.MaxBackgroundRadius:0.025]]
[2020.12.23-08.54.05:381][  0]LogConfig: Applying CVar settings from Section [TextureQuality@3] File [D:/WTFproject/Proj/Saved/Config/Windows/Scalability.ini]
[2020.12.23-08.54.05:381][  0]LogConfig: Setting CVar [[r.Streaming.MipBias:0]]
[2020.12.23-08.54.05:381][  0]LogConfig: Setting CVar [[r.Streaming.AmortizeCPUToGPUCopy:0]]
[2020.12.23-08.54.05:381][  0]LogConfig: Setting CVar [[r.Streaming.MaxNumTexturesToStreamPerFrame:0]]
[2020.12.23-08.54.05:381][  0]LogConfig: Setting CVar [[r.Streaming.Boost:1]]
[2020.12.23-08.54.05:381][  0]LogConfig: Setting CVar [[r.MaxAnisotropy:8]]
[2020.12.23-08.54.05:381][  0]LogConfig: Setting CVar [[r.VT.MaxAnisotropy:8]]
[2020.12.23-08.54.05:381][  0]LogConfig: Setting CVar [[r.Streaming.LimitPoolSizeToVRAM:0]]
[2020.12.23-08.54.05:381][  0]LogConfig: Setting CVar [[r.Streaming.PoolSize:1000]]
[2020.12.23-08.54.05:381][  0]LogConfig: Setting CVar [[r.Streaming.MaxEffectiveScreenSize:0]]
[2020.12.23-08.54.05:381][  0]LogConfig: Applying CVar settings from Section [EffectsQuality@3] File [D:/WTFproject/Proj/Saved/Config/Windows/Scalability.ini]
[2020.12.23-08.54.05:381][  0]LogConfig: Setting CVar [[r.TranslucencyLightingVolumeDim:64]]
[2020.12.23-08.54.05:381][  0]LogConfig: Setting CVar [[r.RefractionQuality:2]]
[2020.12.23-08.54.05:381][  0]LogConfig: Setting CVar [[r.SSR.Quality:3]]
[2020.12.23-08.54.05:381][  0]LogConfig: Setting CVar [[r.SSR.HalfResSceneColor:0]]
[2020.12.23-08.54.05:381][  0]LogConfig: Setting CVar [[r.SceneColorFormat:4]]
[2020.12.23-08.54.05:381][  0]LogConfig: Setting CVar [[r.DetailMode:2]]
[2020.12.23-08.54.05:381][  0]LogConfig: Setting CVar [[r.TranslucencyVolumeBlur:1]]
[2020.12.23-08.54.05:381][  0]LogConfig: Setting CVar [[r.MaterialQualityLevel:1 ; High quality]]
[2020.12.23-08.54.05:381][  0]LogConfig: Setting CVar [[r.SSS.Scale:1]]
[2020.12.23-08.54.05:381][  0]LogConfig: Setting CVar [[r.SSS.SampleSet:2]]
[2020.12.23-08.54.05:381][  0]LogConfig: Setting CVar [[r.SSS.Quality:1]]
[2020.12.23-08.54.05:381][  0]LogConfig: Setting CVar [[r.SSS.HalfRes:0]]
[2020.12.23-08.54.05:382][  0]LogConfig: Setting CVar [[r.SSGI.Quality:3]]
[2020.12.23-08.54.05:382][  0]LogConfig: Setting CVar [[r.EmitterSpawnRateScale:1.0]]
[2020.12.23-08.54.05:382][  0]LogConfig: Setting CVar [[r.ParticleLightQuality:2]]
[2020.12.23-08.54.05:382][  0]LogConfig: Setting CVar [[r.SkyAtmosphere.AerialPerspectiveLUT.FastApplyOnOpaque:1 ; Always have FastSkyLUT 1 in this case to avoid wrong sky]]
[2020.12.23-08.54.05:382][  0]LogConfig: Setting CVar [[r.SkyAtmosphere.AerialPerspectiveLUT.SampleCountPerSlice:1]]
[2020.12.23-08.54.05:382][  0]LogConfig: Setting CVar [[r.SkyAtmosphere.AerialPerspectiveLUT.DepthResolution:16.0]]
[2020.12.23-08.54.05:382][  0]LogConfig: Setting CVar [[r.SkyAtmosphere.FastSkyLUT:1]]
[2020.12.23-08.54.05:382][  0]LogConfig: Setting CVar [[r.SkyAtmosphere.FastSkyLUT.SampleCountMin:4.0]]
[2020.12.23-08.54.05:382][  0]LogConfig: Setting CVar [[r.SkyAtmosphere.FastSkyLUT.SampleCountMax:32.0]]
[2020.12.23-08.54.05:382][  0]LogConfig: Setting CVar [[r.SkyAtmosphere.SampleCountMin:4.0]]
[2020.12.23-08.54.05:382][  0]LogConfig: Setting CVar [[r.SkyAtmosphere.SampleCountMax:32.0]]
[2020.12.23-08.54.05:382][  0]LogConfig: Setting CVar [[r.SkyAtmosphere.TransmittanceLUT.UseSmallFormat:0]]
[2020.12.23-08.54.05:382][  0]LogConfig: Setting CVar [[r.SkyAtmosphere.TransmittanceLUT.SampleCount:10.0]]
[2020.12.23-08.54.05:382][  0]LogConfig: Setting CVar [[r.SkyAtmosphere.MultiScatteringLUT.SampleCount:15.0]]
[2020.12.23-08.54.05:382][  0]LogConfig: Applying CVar settings from Section [FoliageQuality@3] File [D:/WTFproject/Proj/Saved/Config/Windows/Scalability.ini]
[2020.12.23-08.54.05:382][  0]LogConfig: Setting CVar [[foliage.DensityScale:1.0]]
[2020.12.23-08.54.05:382][  0]LogConfig: Setting CVar [[grass.DensityScale:1.0]]
[2020.12.23-08.54.05:382][  0]LogConfig: Applying CVar settings from Section [ShadingQuality@3] File [D:/WTFproject/Proj/Saved/Config/Windows/Scalability.ini]
[2020.12.23-08.54.05:382][  0]LogConfig: Setting CVar [[r.HairStrands.SkyLighting.SampleCount:16]]
[2020.12.23-08.54.05:382][  0]LogConfig: Setting CVar [[r.HairStrands.SkyLighting.JitterIntegration:0]]
[2020.12.23-08.54.05:382][  0]LogConfig: Setting CVar [[r.HairStrands.SkyAO.SampleCount:16]]
[2020.12.23-08.54.05:382][  0]LogConfig: Setting CVar [[r.HairStrands.DeepShadow.SuperSampling:0]]
[2020.12.23-08.54.05:382][  0]LogConfig: Setting CVar [[r.HairStrands.VisibilityPPLL:0]]
[2020.12.23-08.54.05:382][  0]LogConfig: Setting CVar [[r.HairStrands.RasterizationScale:0.5]]
[2020.12.23-08.54.05:382][  0]LogConfig: Setting CVar [[r.HairStrands.VelocityRasterizationScale:1]]
[2020.12.23-08.54.05:382][  0]LogConfig: Applying CVar settings from Section [Startup] File [../../../Engine/Config/ConsoleVariables.ini]
[2020.12.23-08.54.05:383][  0]LogConfig: Setting CVar [[net.UseAdaptiveNetUpdateFrequency:0]]
[2020.12.23-08.54.05:383][  0]LogConfig: Setting CVar [[p.chaos.AllowCreatePhysxBodies:1]]
[2020.12.23-08.54.05:383][  0]LogConfig: Setting CVar [[fx.SkipVectorVMBackendOptimizations:1]]
[2020.12.23-08.54.05:383][  0]LogConfig: Applying CVar settings from Section [ConsoleVariables] File [D:/WTFproject/Proj/Saved/Config/Windows/Engine.ini]
[2020.12.23-08.54.05:383][  0]LogInit: Computer: DESKTOP-DOUR8LP
[2020.12.23-08.54.05:383][  0]LogInit: User: neret
[2020.12.23-08.54.05:383][  0]LogInit: CPU Page size=4096, Cores=6
[2020.12.23-08.54.05:383][  0]LogInit: High frequency timer resolution =10.000000 MHz
[2020.12.23-08.54.05:383][  0]LogMemory: Memory total: Physical=15.9GB (16GB approx)
[2020.12.23-08.54.05:383][  0]LogMemory: Platform Memory Stats for Windows
[2020.12.23-08.54.05:383][  0]LogMemory: Process Physical Memory: 115.66 MB used, 115.66 MB peak
[2020.12.23-08.54.05:383][  0]LogMemory: Process Virtual Memory: 102.47 MB used, 102.47 MB peak
[2020.12.23-08.54.05:384][  0]LogMemory: Physical Memory: 9579.51 MB used,  6664.05 MB free, 16243.55 MB total
[2020.12.23-08.54.05:384][  0]LogMemory: Virtual Memory: 5169.97 MB used,  134212560.00 MB free, 134217728.00 MB total
[2020.12.23-08.54.05:398][  0]LogWindows: WindowsPlatformFeatures enabled
[2020.12.23-08.54.05:461][  0]LogInit: Physics initialised using underlying interface: PhysX
[2020.12.23-08.54.05:462][  0]LogInit: Using OS detected language (ru-RU).
[2020.12.23-08.54.05:462][  0]LogInit: Using OS detected locale (ru-RU).
[2020.12.23-08.54.05:464][  0]LogTextLocalizationManager: No specific localization for 'ru-RU' exists, so the 'ru' localization will be used.
[2020.12.23-08.54.05:466][  0]LogTextLocalizationResource: LocRes '../../../Engine/Content/Localization/Editor/ru/Editor.locres' could not be opened for reading!
[2020.12.23-08.54.05:466][  0]LogTextLocalizationResource: LocRes '../../../Engine/Content/Localization/EditorTutorials/ru/EditorTutorials.locres' could not be opened for reading!
[2020.12.23-08.54.05:466][  0]LogTextLocalizationResource: LocRes '../../../Engine/Content/Localization/Keywords/ru/Keywords.locres' could not be opened for reading!
[2020.12.23-08.54.05:466][  0]LogTextLocalizationResource: LocRes '../../../Engine/Content/Localization/Category/ru/Category.locres' could not be opened for reading!
[2020.12.23-08.54.05:466][  0]LogTextLocalizationResource: LocRes '../../../Engine/Content/Localization/ToolTips/ru/ToolTips.locres' could not be opened for reading!
[2020.12.23-08.54.05:466][  0]LogTextLocalizationResource: LocRes '../../../Engine/Content/Localization/PropertyNames/ru/PropertyNames.locres' could not be opened for reading!
[2020.12.23-08.54.05:467][  0]LogTextLocalizationResource: LocRes '../../../Engine/Content/Localization/Engine/ru/Engine.locres' could not be opened for reading!
[2020.12.23-08.54.05:545][  0]LogSlate: New Slate User Created.  User Index 0, Is Virtual User: 0
[2020.12.23-08.54.05:545][  0]LogSlate: Slate User Registered.  User Index 0, Is Virtual User: 0
[2020.12.23-08.54.05:645][  0]LogHMD: Failed to initialize OpenVR with code 110
[2020.12.23-08.54.05:645][  0]LogD3D11RHI: D3D11 min allowed feature level: 11_0
[2020.12.23-08.54.05:645][  0]LogD3D11RHI: D3D11 max allowed feature level: 11_0
[2020.12.23-08.54.05:645][  0]LogD3D11RHI: D3D11 adapters:
[2020.12.23-08.54.05:794][  0]LogD3D11RHI:    0. 'NVIDIA GeForce GTX 1050 Ti' (Feature Level 11_0)
[2020.12.23-08.54.05:794][  0]LogD3D11RHI:       4018/0/8121 MB DedicatedVideo/DedicatedSystem/SharedSystem, Outputs:1, VendorId:0x10de
[2020.12.23-08.54.05:860][  0]LogD3D11RHI:    1. 'Intel(R) UHD Graphics 630' (Feature Level 11_0)
[2020.12.23-08.54.05:860][  0]LogD3D11RHI:       128/0/8121 MB DedicatedVideo/DedicatedSystem/SharedSystem, Outputs:0, VendorId:0x8086
[2020.12.23-08.54.05:865][  0]LogD3D11RHI:    2. 'Microsoft Basic Render Driver' (Feature Level 11_0)
[2020.12.23-08.54.05:865][  0]LogD3D11RHI:       0/0/8121 MB DedicatedVideo/DedicatedSystem/SharedSystem, Outputs:0, VendorId:0x1414
[2020.12.23-08.54.05:865][  0]LogD3D11RHI: Chosen D3D11 Adapter: 0
[2020.12.23-08.54.05:877][  0]LogD3D11RHI: Creating new Direct3DDevice
[2020.12.23-08.54.05:878][  0]LogD3D11RHI:     GPU DeviceId: 0x1c8c (for the marketing name, search the web for "GPU Device Id")
[2020.12.23-08.54.05:878][  0]LogWindows: EnumDisplayDevices:
[2020.12.23-08.54.05:878][  0]LogWindows:    0. 'Intel(R) UHD Graphics 630' (P:1 D:1)
[2020.12.23-08.54.05:879][  0]LogWindows:    1. 'Intel(R) UHD Graphics 630' (P:0 D:0)
[2020.12.23-08.54.05:879][  0]LogWindows:    2. 'Intel(R) UHD Graphics 630' (P:0 D:0)
[2020.12.23-08.54.05:880][  0]LogWindows:    3. 'NVIDIA GeForce GTX 1050 Ti' (P:0 D:0)
[2020.12.23-08.54.05:880][  0]LogWindows: DebugString: PrimaryIsNotTheChoosenAdapter PrimaryIsNotTheChoosenAdapter PrimaryIsNotTheChoosenAdapter 
[2020.12.23-08.54.05:881][  0]LogD3D11RHI:     Adapter Name: NVIDIA GeForce GTX 1050 Ti
[2020.12.23-08.54.05:881][  0]LogD3D11RHI:   Driver Version: 456.71 (internal:27.21.14.5671, unified:456.71)
[2020.12.23-08.54.05:881][  0]LogD3D11RHI:      Driver Date: 9-30-2020
[2020.12.23-08.54.05:881][  0]LogRHI: Texture pool is 2812 MB (70% of 4018 MB)
[2020.12.23-08.54.05:979][  0]LogD3D11RHI: RHI has support for 64 bit atomics
[2020.12.23-08.54.05:979][  0]LogD3D11RHI: Async texture creation enabled
[2020.12.23-08.54.05:979][  0]LogD3D11RHI: Array index from any shader is supported
[2020.12.23-08.54.06:040][  0]LogD3D11RHI: GPU Timing Frequency: 1000.000000 (Debug: 2 1)
[2020.12.23-08.54.06:703][  0]LogTargetPlatformManager: Display: Loaded TargetPlatform 'WindowsNoEditor'
[2020.12.23-08.54.06:713][  0]LogTargetPlatformManager: Display: Loaded TargetPlatform 'Windows'
[2020.12.23-08.54.06:732][  0]LogTargetPlatformManager: Display: Loaded TargetPlatform 'WindowsClient'
[2020.12.23-08.54.06:750][  0]LogTargetPlatformManager: Display: Loaded TargetPlatform 'WindowsServer'
[2020.12.23-08.54.06:750][  0]LogTargetPlatformManager: Display: Building Assets For Windows
[2020.12.23-08.54.06:766][  0]LogAudioDebug: Display: Lib vorbis DLL was dynamically loaded.
[2020.12.23-08.54.06:887][  0]LogShaderCompilers: Guid format shader working directory is 15 characters bigger than the processId version (../../../../../WTFproject/Proj/Intermediate/Shaders/WorkingDirectory/20060/).
[2020.12.23-08.54.06:888][  0]LogShaderCompilers: Cleaned the shader compiler working directory 'C:/Users/neret/AppData/Local/Temp/UnrealShaderWorkingDir/905C59B94B1D481989AEDAB6BF7DDB72/'.
[2020.12.23-08.54.06:889][  0]LogXGEController: Cannot use XGE Controller as Incredibuild is not installed on this machine.
[2020.12.23-08.54.06:889][  0]LogShaderCompilers: Cannot use XGE Shader Compiler as Incredibuild is not installed on this machine.
[2020.12.23-08.54.06:889][  0]LogShaderCompilers: Display: Using Local Shader Compiler.
[2020.12.23-08.54.08:538][  0]LogDerivedDataCache: Display: Max Cache Size: 512 MB
[2020.12.23-08.54.08:633][  0]LogDerivedDataCache: Loaded boot cache 0.09s 75MB C:/Users/neret/AppData/Local/UnrealEngine/4.25/DerivedDataCache/Boot.ddc.
[2020.12.23-08.54.08:633][  0]LogDerivedDataCache: Display: Loaded Boot cache: C:/Users/neret/AppData/Local/UnrealEngine/4.25/DerivedDataCache/Boot.ddc
[2020.12.23-08.54.08:633][  0]LogDerivedDataCache: FDerivedDataBackendGraph:  Pak pak cache file ../../../../../WTFproject/Proj/DerivedDataCache/DDC.ddp not found, will not use a pak cache.
[2020.12.23-08.54.08:633][  0]LogDerivedDataCache: Unable to find inner node Pak for hierarchical cache Hierarchy.
[2020.12.23-08.54.08:633][  0]LogDerivedDataCache: FDerivedDataBackendGraph:  CompressedPak pak cache file ../../../../../WTFproject/Proj/DerivedDataCache/Compressed.ddp not found, will not use a pak cache.
[2020.12.23-08.54.08:633][  0]LogDerivedDataCache: Unable to find inner node CompressedPak for hierarchical cache Hierarchy.
[2020.12.23-08.54.08:654][  0]LogDerivedDataCache: Display: Pak cache opened for reading ../../../Engine/DerivedDataCache/Compressed.ddp.
[2020.12.23-08.54.08:654][  0]LogDerivedDataCache: FDerivedDataBackendGraph:  EnterprisePak pak cache file ../../../Enterprise/DerivedDataCache/Compressed.ddp not found, will not use a pak cache.
[2020.12.23-08.54.08:654][  0]LogDerivedDataCache: Unable to find inner node EnterprisePak for hierarchical cache Hierarchy.
[2020.12.23-08.54.08:656][  0]LogDerivedDataCache: Using Local data cache path C:/Users/neret/AppData/Local/UnrealEngine/Common/DerivedDataCache: Writable
[2020.12.23-08.54.08:656][  0]LogDerivedDataCache: Shared data cache path not found in *engine.ini, will not use an Shared cache.
[2020.12.23-08.54.08:656][  0]LogDerivedDataCache: Unable to find inner node Shared for hierarchical cache Hierarchy.
[2020.12.23-08.54.08:743][  0]LogSlate: Using FreeType 2.10.0
[2020.12.23-08.54.08:744][  0]LogSlate: SlateFontServices - WITH_FREETYPE: 1, WITH_HARFBUZZ: 1
[2020.12.23-08.54.08:986][  0]LogInit: Using OS detected language (ru-RU).
[2020.12.23-08.54.08:986][  0]LogInit: Using OS detected locale (ru-RU).
[2020.12.23-08.54.08:986][  0]LogTextLocalizationManager: No localization for 'ru-RU' exists, so 'en' will be used for the language.
[2020.12.23-08.54.08:986][  0]LogTextLocalizationManager: No localization for 'ru-RU' exists, so 'en' will be used for the locale.
[2020.12.23-08.54.08:987][  0]LogSlate: FontCache flush requested. Reason: Culture for localization was changed
[2020.12.23-08.54.08:987][  0]LogSlate: FontCache flush requested. Reason: Culture for localization was changed
[2020.12.23-08.54.08:987][  0]LogTextLocalizationManager: Compacting localization data took   0.00ms
[2020.12.23-08.54.08:992][  0]LogAssetRegistry: FAssetRegistry took 0.0032 seconds to start up
[2020.12.23-08.54.09:388][  0]LogPackageLocalizationCache: Processed 19 localized package path(s) for 1 prioritized culture(s) in 0.001576 seconds
[2020.12.23-08.54.09:476][  0]LogInit: Selected Device Profile: [Windows]
[2020.12.23-08.54.09:697][  0]LogMeshReduction: Using QuadricMeshReduction for automatic static mesh reduction
[2020.12.23-08.54.09:697][  0]LogMeshReduction: Using SimplygonMeshReduction for automatic skeletal mesh reduction
[2020.12.23-08.54.09:697][  0]LogMeshReduction: Using ProxyLODMeshReduction for automatic mesh merging
[2020.12.23-08.54.09:697][  0]LogMeshReduction: No distributed automatic mesh merging module available
[2020.12.23-08.54.09:697][  0]LogMeshMerging: No distributed automatic mesh merging module available
[2020.12.23-08.54.09:727][  0]LogNetVersion: Proj 1.0.0, NetCL: 13144385, EngineNetVer: 14, GameNetVer: 0 (Checksum: 445348130)
[2020.12.23-08.54.10:194][  0]LogAISub: UAISubsystem::UAISubsystem AISubsystem (000002539A9D7B00), frame # 0
[2020.12.23-08.54.10:194][  0]LogAISub: UAISubsystem::UAISubsystem AIPerceptionSystem (000002539AA147C0), frame # 0
[2020.12.23-08.54.10:197][  0]LogAISub: UAISubsystem::UAISubsystem EnvQueryManager (000002539AA45A00), frame # 0
[2020.12.23-08.54.10:367][  0]LogCollectionManager: Loaded 0 collections in 0.001793 seconds
[2020.12.23-08.54.10:370][  0]LogFileCache: Scanning file cache for directory 'D:/WTFproject/Proj/Saved/Collections/' took 0.00s
[2020.12.23-08.54.10:370][  0]LogFileCache: Scanning file cache for directory 'D:/WTFproject/Proj/Content/Developers/neret/Collections/' took 0.00s
[2020.12.23-08.54.10:370][  0]LogCollectionManager: Fixed up redirectors for 0 collections in 0.000007 seconds (updated 0 objects)
[2020.12.23-08.54.10:492][  0]LogFileCache: Scanning file cache for directory 'D:/WTFproject/Proj/Content/Collections/' took 0.00s
[2020.12.23-08.54.10:492][  0]LogMoviePlayer: Initializing movie player
[2020.12.23-08.54.10:771][  0]LogTcpMessaging: Initializing TcpMessaging bridge
[2020.12.23-08.54.10:779][  0]LogUdpMessaging: Initializing bridge on interface 0.0.0.0:0 to multicast group 230.0.0.1:6666.
[2020.12.23-08.54.10:857][  0]SourceControl: Source control is disabled
[2020.12.23-08.54.10:857][  0]SourceControl: Source control is disabled
[2020.12.23-08.54.10:872][  0]SourceControl: Source control is disabled
[2020.12.23-08.54.11:133][  0]LogAndroidPermission: UAndroidPermissionCallbackProxy::GetInstance
[2020.12.23-08.54.11:171][  0]LogAudioCaptureCore: Display: No Audio Capture implementations found. Audio input will be silent.
[2020.12.23-08.54.11:171][  0]LogAudioCaptureCore: Display: No Audio Capture implementations found. Audio input will be silent.
[2020.12.23-08.54.11:261][  0]LogOcInput: OculusInput pre-init called
[2020.12.23-08.54.11:288][  0]LogUObjectArray: 19076 objects as part of root set at end of initial load.
[2020.12.23-08.54.11:288][  0]LogUObjectAllocator: 5020992 out of 0 bytes used by permanent object pool.
[2020.12.23-08.54.11:288][  0]LogUObjectArray: CloseDisregardForGC: 0/0 objects in disregard for GC pool
[2020.12.23-08.54.11:370][  0]LogEngine: Initializing Engine...
[2020.12.23-08.54.11:372][  0]LogHMD: Failed to initialize OpenVR with code 110
[2020.12.23-08.54.11:372][  0]LogMagicLeap: Warning: VR disabled because ZI is not enabled.  To enable, in the editor, Edit -> Project Settings -> Plugins -> Magic Leap Plugin -> Enable Zero Iteration
[2020.12.23-08.54.11:374][  0]LogStats: UGameplayTagsManager::InitializeManager -  0.000 s
[2020.12.23-08.54.11:549][  0]LogInit: Initializing FReadOnlyCVARCache
[2020.12.23-08.54.11:557][  0]LogAudioMixer: Display: Audio Mixer Platform Settings:
[2020.12.23-08.54.11:557][  0]LogAudioMixer: Display: 	Sample Rate:						  48000
[2020.12.23-08.54.11:557][  0]LogAudioMixer: Display: 	Callback Buffer Frame Size Requested: 1024
[2020.12.23-08.54.11:557][  0]LogAudioMixer: Display: 	Callback Buffer Frame Size To Use:	  1024
[2020.12.23-08.54.11:557][  0]LogAudioMixer: Display: 	Number of buffers to queue:			  2
[2020.12.23-08.54.11:557][  0]LogAudioMixer: Display: 	Max Channels (voices):				  32
[2020.12.23-08.54.11:557][  0]LogAudioMixer: Display: 	Number of Async Source Workers:		  0
[2020.12.23-08.54.11:557][  0]LogAudio: Display: AudioDevice MaxSources: 32
[2020.12.23-08.54.11:557][  0]LogAudio: Display: Using built-in audio occlusion.
[2020.12.23-08.54.11:557][  0]LogAudioMixer: Display: Initializing audio mixer.
[2020.12.23-08.54.11:593][  0]LogAudioMixer: Display: 0: FrontLeft
[2020.12.23-08.54.11:594][  0]LogAudioMixer: Display: 1: FrontRight
[2020.12.23-08.54.11:644][  0]LogAudioMixer: Display: Using Audio Device Динамики (Komplete Audio 2)
[2020.12.23-08.54.11:653][  0]LogAudioMixer: Display: Initializing Sound Submixes...
[2020.12.23-08.54.11:655][  0]LogAudioMixer: Display: Creating Master Submix 'MasterSubmixDefault'
[2020.12.23-08.54.11:655][  0]LogAudioMixer: Display: Creating Master Submix 'MasterReverbSubmixDefault'
[2020.12.23-08.54.11:657][  0]LogAudioMixer: Display: Creating Master Submix 'MasterEQSubmixDefault'
[2020.12.23-08.54.11:662][  0]LogInit: FAudioDevice initialized.
[2020.12.23-08.54.11:664][  0]LogNetVersion: Set ProjectVersion to 1.0.0.0. Version Checksum will be recalculated on next use.
[2020.12.23-08.54.11:669][  0]LogInit: Texture streaming: Enabled
[2020.12.23-08.54.12:090][  0]LogSlate: Updating window title bar state: overlay mode, drag disabled, window buttons hidden, title bar hidden
[2020.12.23-08.54.12:093][  0]LogInit: Display: Game Engine Initialized.
[2020.12.23-08.54.12:093][  0]LogNiagaraEditor: Warning: GEditor isn't valid! Particle reset commands will not work for Niagara components!
[2020.12.23-08.54.12:147][  0]LogInit: Display: Starting Game.
[2020.12.23-08.54.12:148][  0]LogNet: Browse: /Game/Proj/Maps/Transit?Name=Player
[2020.12.23-08.54.12:148][  0]LogLoad: LoadMap: /Game/Proj/Maps/Transit?Name=Player
[2020.12.23-08.54.12:148][  0]LogWorld: BeginTearingDown for /Temp/Untitled_0
[2020.12.23-08.54.12:150][  0]LogWorld: UWorld::CleanupWorld for Untitled, bSessionEnded=true, bCleanupResources=true
[2020.12.23-08.54.12:150][  0]LogSlate: InvalidateAllWidgets triggered.  All widgets were invalidated
[2020.12.23-08.54.12:175][  0]LogUObjectHash: Compacting FUObjectHashTables data took   1.34ms
[2020.12.23-08.54.12:948][  0]LogAIModule: Creating AISystem for world Transit
[2020.12.23-08.54.12:948][  0]LogAISub: UAISubsystem::UAISubsystem EnvQueryManager (0000025394B71600), frame # 0
[2020.12.23-08.54.12:949][  0]LogAISub: UAISubsystem::UAISubsystem AIPerceptionSystem (00000253A0969BC0), frame # 0
[2020.12.23-08.54.12:949][  0]LogLoad: Game class is 'GM_Main_C'
[2020.12.23-08.54.12:952][  0]LogWorld: Bringing World /Game/Proj/Maps/Transit.Transit up for play (max tick rate 0) at 2020.12.23-11.54.12
[2020.12.23-08.54.12:952][  0]LogWorld: Bringing up level for play took: 0.000993
[2020.12.23-08.54.12:953][  0]LogGameMode: FindPlayerStart: PATHS NOT DEFINED or NO PLAYERSTART with positive rating
[2020.12.23-08.54.12:963][  0]LogMediaAssets: Error: Failed to validate media source Lift_1 (file://C:/Users/neret/Downloads/Lift_1.wmv)
[2020.12.23-08.54.12:963][  0]LogLevel: Warning: Failed to find streaming level object associated with 'None'
[2020.12.23-08.54.12:965][  0]LogLoad: Took 0.816987 seconds to LoadMap(/Game/Proj/Maps/Transit)
[2020.12.23-08.54.13:024][  0]LogRenderer: Reallocating scene render targets to support 1280x720 Format 10 NumSamples 1 (Frame:1).
[2020.12.23-08.54.13:024][  0]LogLoad: (Engine Initialization) Total time: 10.14 seconds
[2020.12.23-08.54.13:024][  0]LogLoad: (Engine Initialization) Total Blueprint compile time: 0.00 seconds
[2020.12.23-08.54.13:119][  0]LogLevel: ActivateLevel /Game/Proj/Maps/1floor 1 1 0
[2020.12.23-08.54.13:121][  0]LogContentStreaming: Texture pool size now 1000 MB
[2020.12.23-08.54.13:133][  0]LogAudio: Warning: Detected orphaned looping sound 'Music_Cue'.
[2020.12.23-08.54.13:133][  0]LogSlate: InvalidateAllWidgets triggered.  All widgets were invalidated
[2020.12.23-08.54.14:511][ 93]LogStreaming: Display: UWorld::AddToWorld: updating components for /Game/Proj/Maps/1floor took (less than) 32.90 ms
[2020.12.23-08.54.14:544][ 95]LogBlueprintUserMessages: [GM_Main_C_0] 1
[2020.12.23-08.54.14:547][ 95]LogBlueprintUserMessages: [GM_Main_C_0] 2
[2020.12.23-08.54.14:549][ 95]LogBlueprintUserMessages: [GM_Main_C_0] 3
[2020.12.23-08.54.14:552][ 95]LogBlueprintUserMessages: [GM_Main_C_0] 4
[2020.12.23-08.54.14:555][ 95]LogBlueprintUserMessages: [GM_Main_C_0] 5
[2020.12.23-08.54.14:557][ 95]LogBlueprintUserMessages: [GM_Main_C_0] 6
[2020.12.23-08.54.14:560][ 95]LogBlueprintUserMessages: [GM_Main_C_0] 7
[2020.12.23-08.54.14:562][ 95]LogBlueprintUserMessages: [GM_Main_C_0] 8
[2020.12.23-08.54.14:564][ 95]LogBlueprintUserMessages: [GM_Main_C_0] 9
[2020.12.23-08.54.14:565][ 95]LogBlueprintUserMessages: [GM_Main_C_0] 10
[2020.12.23-08.54.14:568][ 95]LogBlueprintUserMessages: [GM_Main_C_0] 11
[2020.12.23-08.54.14:570][ 95]LogBlueprintUserMessages: [GM_Main_C_0] 12
[2020.12.23-08.54.14:571][ 95]LogBlueprintUserMessages: [GM_Main_C_0] 13
[2020.12.23-08.54.14:573][ 95]LogBlueprintUserMessages: [GM_Main_C_0] 14
[2020.12.23-08.54.14:575][ 95]LogBlueprintUserMessages: [GM_Main_C_0] 15
[2020.12.23-08.54.14:577][ 95]LogBlueprintUserMessages: [GM_Main_C_0] 16
[2020.12.23-08.54.14:578][ 95]LogBlueprintUserMessages: [GM_Main_C_0] 17
[2020.12.23-08.54.14:580][ 95]LogBlueprintUserMessages: [GM_Main_C_0] 18
[2020.12.23-08.54.14:583][ 95]LogBlueprintUserMessages: [GM_Main_C_0] 19
[2020.12.23-08.54.14:585][ 95]LogBlueprintUserMessages: [GM_Main_C_0] 20
[2020.12.23-08.54.14:585][ 95]LogStreaming: Display: UWorld::AddToWorld: routing Initialize on actors for /Game/Proj/Maps/1floor took (less than) 46.52 ms
[2020.12.23-08.54.14:585][ 95]LogSlate: Took 0.000241 seconds to synchronously load lazily loaded font '../../../Engine/Content/Slate/Fonts/Roboto-Regular.ttf' (155K)
[2020.12.23-08.54.21:736][345]LogBlueprintUserMessages: [GM_Main_C_0] 19
[2020.12.23-08.54.21:736][345]LogScript: Warning: UGameplayStatics::BeginSpawningActorFromClass: can not spawn an actor from a NULL class
[2020.12.23-08.54.26:846][238]LogBlueprintUserMessages: [BP_Hero_C_0] 90.0
[2020.12.23-08.54.26:946][256]LogBlueprintUserMessages: [BP_Hero_C_0] 80.0
[2020.12.23-08.54.27:340][326]LogBlueprintUserMessages: [BP_Zombie_C_1] Hello
[2020.12.23-08.54.27:351][328]LogBlueprintUserMessages: [BP_Hero_C_0] 70.0
[2020.12.23-08.54.27:444][345]LogBlueprintUserMessages: [BP_Zombie_C_6] Hello
[2020.12.23-08.54.27:549][364]LogBlueprintUserMessages: [BP_Hero_C_0] 60.0
[2020.12.23-08.54.27:850][419]LogBlueprintUserMessages: [BP_Zombie_C_1] Hello
[2020.12.23-08.54.27:861][421]LogBlueprintUserMessages: [BP_Hero_C_0] 50.0
[2020.12.23-08.54.28:048][456]LogBlueprintUserMessages: [BP_Zombie_C_6] Hello
[2020.12.23-08.54.28:355][510]LogBlueprintUserMessages: [BP_Zombie_C_1] Hello
[2020.12.23-08.54.29:542][717]LogBlueprintUserMessages: [BP_Hero_C_0] 40.0
[2020.12.23-08.54.30:038][805]LogBlueprintUserMessages: [BP_Zombie_C_1] Hello
[2020.12.23-08.54.32:943][322]LogBlueprintUserMessages: [BP_Hero_C_0] 20.0
[2020.12.23-08.54.33:438][400]LogBlueprintUserMessages: [BP_Demon_C_11] Hello
[2020.12.23-08.54.33:439][400]LogBlueprintUserMessages: [BP_Hero_C_0] 0.0
[2020.12.23-08.54.33:440][400]LogMediaAssets: Error: Failed to validate media source Lift_1 (file://C:/Users/neret/Downloads/Lift_1.wmv)
[2020.12.23-08.54.33:443][401]LogNet: Browse: /Game/Proj/Maps/Transit
[2020.12.23-08.54.33:443][401]LogLoad: LoadMap: /Game/Proj/Maps/Transit
[2020.12.23-08.54.33:443][401]LogWorld: BeginTearingDown for /Game/Proj/Maps/Transit
[2020.12.23-08.54.33:445][401]LogWorld: UWorld::CleanupWorld for Transit, bSessionEnded=true, bCleanupResources=true
[2020.12.23-08.54.33:450][401]LogSlate: InvalidateAllWidgets triggered.  All widgets were invalidated
[2020.12.23-08.54.33:451][401]LogWorld: UWorld::CleanupWorld for 1Floor, bSessionEnded=true, bCleanupResources=true
[2020.12.23-08.54.33:451][401]LogSlate: InvalidateAllWidgets triggered.  All widgets were invalidated
[2020.12.23-08.54.33:487][401]LogAudio: Display: Waited 35.002300 ms for audio thread.
[2020.12.23-08.54.33:487][401]LogAudio: Display: Waited 35.279900 ms for audio thread.
[2020.12.23-08.54.33:548][401]LogAISub: UAISubsystem::~UAISubsystem EnvQueryManager (0000025394B71600), frame # 3401
[2020.12.23-08.54.33:548][401]LogAISub: UAISubsystem::~UAISubsystem AIPerceptionSystem (00000253A0969BC0), frame # 3401
[2020.12.23-08.54.33:556][401]LogUObjectHash: Compacting FUObjectHashTables data took   1.63ms
[2020.12.23-08.54.34:296][401]LogAIModule: Creating AISystem for world Transit
[2020.12.23-08.54.34:296][401]LogAISub: UAISubsystem::UAISubsystem EnvQueryManager (00000253B9075800), frame # 3401
[2020.12.23-08.54.34:296][401]LogAISub: UAISubsystem::UAISubsystem AIPerceptionSystem (00000253B8B54900), frame # 3401
[2020.12.23-08.54.34:297][401]LogLoad: Game class is 'GM_Main_C'
[2020.12.23-08.54.34:300][401]LogWorld: Bringing World /Game/Proj/Maps/Transit.Transit up for play (max tick rate 0) at 2020.12.23-11.54.34
[2020.12.23-08.54.34:300][401]LogWorld: Bringing up level for play took: 0.001108
[2020.12.23-08.54.34:301][401]LogGameMode: FindPlayerStart: PATHS NOT DEFINED or NO PLAYERSTART with positive rating
[2020.12.23-08.54.34:305][401]LogMediaAssets: Error: Failed to validate media source Lift_1 (file://C:/Users/neret/Downloads/Lift_1.wmv)
[2020.12.23-08.54.34:305][401]LogLevel: Warning: Failed to find streaming level object associated with 'None'
[2020.12.23-08.54.34:306][401]LogLoad: Took 0.863189 seconds to LoadMap(/Game/Proj/Maps/Transit)
[2020.12.23-08.54.34:308][401]LogLevel: ActivateLevel /Game/Proj/Maps/1floor 1 1 0
[2020.12.23-08.54.34:312][402]LogAudio: Warning: Detected orphaned looping sound 'Music_Cue'.
[2020.12.23-08.54.35:352][479]LogStreaming: Display: UWorld::AddToWorld: updating components for /Game/Proj/Maps/1floor took (less than) 28.67 ms
[2020.12.23-08.54.35:380][481]LogBlueprintUserMessages: [GM_Main_C_0] 1
[2020.12.23-08.54.35:383][481]LogBlueprintUserMessages: [GM_Main_C_0] 2
[2020.12.23-08.54.35:386][481]LogBlueprintUserMessages: [GM_Main_C_0] 3
[2020.12.23-08.54.35:388][481]LogBlueprintUserMessages: [GM_Main_C_0] 4
[2020.12.23-08.54.35:391][481]LogBlueprintUserMessages: [GM_Main_C_0] 5
[2020.12.23-08.54.35:393][481]LogBlueprintUserMessages: [GM_Main_C_0] 6
[2020.12.23-08.54.35:395][481]LogBlueprintUserMessages: [GM_Main_C_0] 7
[2020.12.23-08.54.35:397][481]LogBlueprintUserMessages: [GM_Main_C_0] 8
[2020.12.23-08.54.35:399][481]LogBlueprintUserMessages: [GM_Main_C_0] 9
[2020.12.23-08.54.35:401][481]LogBlueprintUserMessages: [GM_Main_C_0] 10
[2020.12.23-08.54.35:403][481]LogBlueprintUserMessages: [GM_Main_C_0] 11
[2020.12.23-08.54.35:405][481]LogBlueprintUserMessages: [GM_Main_C_0] 12
[2020.12.23-08.54.35:406][481]LogBlueprintUserMessages: [GM_Main_C_0] 13
[2020.12.23-08.54.35:409][481]LogBlueprintUserMessages: [GM_Main_C_0] 14
[2020.12.23-08.54.35:410][481]LogBlueprintUserMessages: [GM_Main_C_0] 15
[2020.12.23-08.54.35:412][481]LogBlueprintUserMessages: [GM_Main_C_0] 16
[2020.12.23-08.54.35:414][481]LogBlueprintUserMessages: [GM_Main_C_0] 17
[2020.12.23-08.54.35:416][481]LogBlueprintUserMessages: [GM_Main_C_0] 18
[2020.12.23-08.54.35:417][481]LogBlueprintUserMessages: [GM_Main_C_0] 19
[2020.12.23-08.54.35:420][481]LogBlueprintUserMessages: [GM_Main_C_0] 20
[2020.12.23-08.54.35:420][481]LogStreaming: Display: UWorld::AddToWorld: routing Initialize on actors for /Game/Proj/Maps/1floor took (less than) 45.89 ms
[2020.12.23-08.54.47:119][717]LogBlueprintUserMessages: [GM_Main_C_0] 19
[2020.12.23-08.54.47:119][717]LogScript: Warning: UGameplayStatics::BeginSpawningActorFromClass: can not spawn an actor from a NULL class
[2020.12.23-08.54.48:280][917]LogBlueprintUserMessages: [BP_Hero_C_0] 90.0
[2020.12.23-08.54.48:776][  9]LogBlueprintUserMessages: [BP_Zombie_C_2] Hello
[2020.12.23-08.54.48:781][ 10]LogBlueprintUserMessages: [BP_Hero_C_0] 80.0
[2020.12.23-08.54.49:279][ 98]LogBlueprintUserMessages: [BP_Zombie_C_2] Hello
[2020.12.23-08.54.49:291][100]LogBlueprintUserMessages: [BP_Hero_C_0] 70.0
[2020.12.23-08.54.49:486][133]LogBlueprintUserMessages: [BP_Hero_C_0] 50.0
[2020.12.23-08.54.49:785][182]LogBlueprintUserMessages: [BP_Zombie_C_2] Hello
[2020.12.23-08.54.49:797][184]LogBlueprintUserMessages: [BP_Hero_C_0] 40.0
[2020.12.23-08.54.49:980][216]LogBlueprintUserMessages: [BP_Demon_C_0] Hello
[2020.12.23-08.54.50:291][269]LogBlueprintUserMessages: [BP_Zombie_C_2] Hello
[2020.12.23-08.54.50:303][271]LogBlueprintUserMessages: [BP_Hero_C_0] 30.0
[2020.12.23-08.54.50:799][356]LogBlueprintUserMessages: [BP_Zombie_C_2] Hello
[2020.12.23-08.54.50:812][358]LogBlueprintUserMessages: [BP_Hero_C_0] 20.0
[2020.12.23-08.54.51:188][419]LogBlueprintUserMessages: [BP_Hero_C_0] 0.0
[2020.12.23-08.54.51:189][419]LogMediaAssets: Error: Failed to validate media source Lift_1 (file://C:/Users/neret/Downloads/Lift_1.wmv)
[2020.12.23-08.54.51:192][420]LogNet: Browse: /Game/Proj/Maps/Transit
[2020.12.23-08.54.51:192][420]LogLoad: LoadMap: /Game/Proj/Maps/Transit
[2020.12.23-08.54.51:192][420]LogWorld: BeginTearingDown for /Game/Proj/Maps/Transit
[2020.12.23-08.54.51:195][420]LogWorld: UWorld::CleanupWorld for Transit, bSessionEnded=true, bCleanupResources=true
[2020.12.23-08.54.51:199][420]LogSlate: InvalidateAllWidgets triggered.  All widgets were invalidated
[2020.12.23-08.54.51:199][420]LogWorld: UWorld::CleanupWorld for 1Floor, bSessionEnded=true, bCleanupResources=true
[2020.12.23-08.54.51:200][420]LogSlate: InvalidateAllWidgets triggered.  All widgets were invalidated
[2020.12.23-08.54.51:239][420]LogAudio: Display: Waited 38.573101 ms for audio thread.
[2020.12.23-08.54.51:298][420]LogAISub: UAISubsystem::~UAISubsystem AIPerceptionSystem (00000253B8B54900), frame # 6420
[2020.12.23-08.54.51:298][420]LogAISub: UAISubsystem::~UAISubsystem EnvQueryManager (00000253B9075800), frame # 6420
[2020.12.23-08.54.51:308][420]LogUObjectHash: Compacting FUObjectHashTables data took   1.50ms
[2020.12.23-08.54.52:044][420]LogAIModule: Creating AISystem for world Transit
[2020.12.23-08.54.52:044][420]LogAISub: UAISubsystem::UAISubsystem EnvQueryManager (00000253B8EF5A00), frame # 6420
[2020.12.23-08.54.52:044][420]LogAISub: UAISubsystem::UAISubsystem AIPerceptionSystem (000002538EADB600), frame # 6420
[2020.12.23-08.54.52:045][420]LogLoad: Game class is 'GM_Main_C'
[2020.12.23-08.54.52:047][420]LogWorld: Bringing World /Game/Proj/Maps/Transit.Transit up for play (max tick rate 0) at 2020.12.23-11.54.52
[2020.12.23-08.54.52:048][420]LogWorld: Bringing up level for play took: 0.001201
[2020.12.23-08.54.52:048][420]LogGameMode: FindPlayerStart: PATHS NOT DEFINED or NO PLAYERSTART with positive rating
[2020.12.23-08.54.52:052][420]LogMediaAssets: Error: Failed to validate media source Lift_1 (file://C:/Users/neret/Downloads/Lift_1.wmv)
[2020.12.23-08.54.52:052][420]LogLevel: Warning: Failed to find streaming level object associated with 'None'
[2020.12.23-08.54.52:054][420]LogLoad: Took 0.861085 seconds to LoadMap(/Game/Proj/Maps/Transit)
[2020.12.23-08.54.52:055][420]LogLevel: ActivateLevel /Game/Proj/Maps/2floor 1 1 0
[2020.12.23-08.54.52:057][421]LogAudio: Warning: Detected orphaned looping sound 'Music_Cue'.
[2020.12.23-08.54.53:040][500]LogStreaming: Display: UWorld::AddToWorld: updating components for /Game/Proj/Maps/2floor took (less than) 28.51 ms
[2020.12.23-08.54.53:066][502]LogBlueprintUserMessages: [GM_Main_C_0] 1
[2020.12.23-08.54.53:069][502]LogBlueprintUserMessages: [GM_Main_C_0] 2
[2020.12.23-08.54.53:071][502]LogBlueprintUserMessages: [GM_Main_C_0] 3
[2020.12.23-08.54.53:073][502]LogBlueprintUserMessages: [GM_Main_C_0] 4
[2020.12.23-08.54.53:075][502]LogBlueprintUserMessages: [GM_Main_C_0] 5
[2020.12.23-08.54.53:077][502]LogBlueprintUserMessages: [GM_Main_C_0] 6
[2020.12.23-08.54.53:080][502]LogBlueprintUserMessages: [GM_Main_C_0] 7
[2020.12.23-08.54.53:083][502]LogBlueprintUserMessages: [GM_Main_C_0] 8
[2020.12.23-08.54.53:087][502]LogBlueprintUserMessages: [GM_Main_C_0] 9
[2020.12.23-08.54.53:090][502]LogBlueprintUserMessages: [GM_Main_C_0] 10
[2020.12.23-08.54.53:092][502]LogBlueprintUserMessages: [GM_Main_C_0] 11
[2020.12.23-08.54.53:093][502]LogBlueprintUserMessages: [GM_Main_C_0] 12
[2020.12.23-08.54.53:095][502]LogBlueprintUserMessages: [GM_Main_C_0] 13
[2020.12.23-08.54.53:096][502]LogBlueprintUserMessages: [GM_Main_C_0] 14
[2020.12.23-08.54.53:098][502]LogBlueprintUserMessages: [GM_Main_C_0] 15
[2020.12.23-08.54.53:100][502]LogBlueprintUserMessages: [GM_Main_C_0] 16
[2020.12.23-08.54.53:102][502]LogBlueprintUserMessages: [GM_Main_C_0] 17
[2020.12.23-08.54.53:104][502]LogBlueprintUserMessages: [GM_Main_C_0] 18
[2020.12.23-08.54.53:105][502]LogBlueprintUserMessages: [GM_Main_C_0] 19
[2020.12.23-08.54.53:107][502]LogBlueprintUserMessages: [GM_Main_C_0] 20
[2020.12.23-08.54.53:109][502]LogBlueprintUserMessages: [GM_Main_C_0] 21
[2020.12.23-08.54.53:111][502]LogBlueprintUserMessages: [GM_Main_C_0] 22
[2020.12.23-08.54.53:112][502]LogBlueprintUserMessages: [GM_Main_C_0] 23
[2020.12.23-08.54.53:112][502]LogStreaming: Display: UWorld::AddToWorld: routing Initialize on actors for /Game/Proj/Maps/2floor took (less than) 51.87 ms
[2020.12.23-08.54.53:120][503]LogNavigation: Warning: NavData RegistrationFailed_AgentAlreadySupported, specified agent type already has its navmesh implemented.
[2020.12.23-08.54.53:162][506]LogCharacterMovement: BP_Demon_C_5 is stuck and failed to move! Velocity: X=-15.37 Y=67.28 Z=0.00 Location: X=-4468.00 Y=-352.00 Z=1950.00 Normal: X=-0.00 Y=1.00 Z=0.00 PenetrationDepth:28.618 Actor:SM_Carpet_1B8 Component:StaticMeshComponent0 BoneName:None (0 other events since notify)
[2020.12.23-08.54.53:436][532]LogSlate: Window 'Proj (64-bit Development PCD3D_SM5) ' being destroyed
[2020.12.23-08.54.53:438][532]LogWindowsTextInputMethodSystem: Display: IME system now deactivated.
[2020.12.23-08.54.53:460][532]LogSlate: Updating window title bar state: overlay mode, drag disabled, window buttons hidden, title bar hidden
[2020.12.23-08.54.53:460][532]LogEngine: All Windows Closed
[2020.12.23-08.54.53:460][532]LogWindows: FPlatformMisc::RequestExit(0)
[2020.12.23-08.54.53:460][532]LogCore: Engine exit requested (reason: Win RequestExit)
[2020.12.23-08.54.53:461][533]LogCore: Engine exit requested (reason: EngineExit() was called; note: exit was already requested)
[2020.12.23-08.54.53:465][533]LogAudio: Display: Shutting down audio device while 2 references to it are still alive. For more information, compile with INSTRUMENT_AUDIODEVICE_HANDLES.
[2020.12.23-08.54.53:525][533]LogInit: Display: PreExit Game.
[2020.12.23-08.54.53:649][533]LogWorld: BeginTearingDown for /Game/Proj/Maps/Transit
[2020.12.23-08.54.53:650][533]LogWorld: UWorld::CleanupWorld for Transit, bSessionEnded=true, bCleanupResources=true
[2020.12.23-08.54.53:659][533]LogSlate: InvalidateAllWidgets triggered.  All widgets were invalidated
[2020.12.23-08.54.53:659][533]LogWorld: UWorld::CleanupWorld for 2Floor, bSessionEnded=true, bCleanupResources=true
[2020.12.23-08.54.53:659][533]LogSlate: InvalidateAllWidgets triggered.  All widgets were invalidated
[2020.12.23-08.54.54:425][533]LogExit: Preparing to exit.
[2020.12.23-08.54.54:807][533]LogMoviePlayer: Shutting down movie player
[2020.12.23-08.54.54:973][533]LogSlate: Updating window title bar state: overlay mode, drag disabled, window buttons hidden, title bar hidden
[2020.12.23-08.54.54:980][533]LogDemo: Cleaned up 0 splitscreen connections with owner deletion
[2020.12.23-08.54.54:989][533]LogExit: Game engine shut down
[2020.12.23-08.54.55:014][533]LogAISub: UAISubsystem::~UAISubsystem AISubsystem (000002539A9D7B00), frame # 6533
[2020.12.23-08.54.55:014][533]LogAISub: UAISubsystem::~UAISubsystem AIPerceptionSystem (000002539AA147C0), frame # 6533
[2020.12.23-08.54.55:014][533]LogAISub: UAISubsystem::~UAISubsystem EnvQueryManager (000002539AA45A00), frame # 6533
[2020.12.23-08.54.55:016][533]LogAISub: UAISubsystem::~UAISubsystem AIPerceptionSystem (000002538EADB600), frame # 6533
[2020.12.23-08.54.55:016][533]LogAISub: UAISubsystem::~UAISubsystem EnvQueryManager (00000253B8EF5A00), frame # 6533
[2020.12.23-08.54.55:066][533]LogExit: Object subsystem successfully closed.
[2020.12.23-08.54.55:104][533]LogShaderCompilers: Display: Shaders left to compile 0
[2020.12.23-08.54.55:119][533]LogModuleManager: Shutting down and abandoning module SequenceRecorderSections (504)
[2020.12.23-08.54.55:119][533]LogModuleManager: Shutting down and abandoning module SequenceRecorder (502)
[2020.12.23-08.54.55:119][533]LogModuleManager: Shutting down and abandoning module AutomationController (500)
[2020.12.23-08.54.55:119][533]LogModuleManager: Shutting down and abandoning module AutomationWorker (498)
[2020.12.23-08.54.55:119][533]LogModuleManager: Shutting down and abandoning module Voice (496)
[2020.12.23-08.54.55:119][533]LogModuleManager: Shutting down and abandoning module AIModule (494)
[2020.12.23-08.54.55:120][533]LogModuleManager: Shutting down and abandoning module GameplayDebugger (493)
[2020.12.23-08.54.55:120][533]LogModuleManager: Shutting down and abandoning module AITestSuite (491)
[2020.12.23-08.54.55:120][533]LogModuleManager: Shutting down and abandoning module NavigationSystem (489)
[2020.12.23-08.54.55:120][533]LogModuleManager: Shutting down and abandoning module OculusMR (486)
[2020.12.23-08.54.55:120][533]LogModuleManager: Shutting down and abandoning module WmfMediaFactory (484)
[2020.12.23-08.54.55:120][533]LogModuleManager: Shutting down and abandoning module WebMMediaFactory (482)
[2020.12.23-08.54.55:120][533]LogModuleManager: Shutting down and abandoning module WebMMedia (480)
[2020.12.23-08.54.55:120][533]LogModuleManager: Shutting down and abandoning module OpenExrWrapper (478)
[2020.12.23-08.54.55:120][533]LogModuleManager: Shutting down and abandoning module ImgMediaFactory (476)
[2020.12.23-08.54.55:120][533]LogModuleManager: Shutting down and abandoning module AvfMediaFactory (474)
[2020.12.23-08.54.55:120][533]LogModuleManager: Shutting down and abandoning module MagicLeapMediaCodecFactory (472)
[2020.12.23-08.54.55:120][533]LogModuleManager: Shutting down and abandoning module MagicLeapMediaFactory (470)
[2020.12.23-08.54.55:120][533]LogModuleManager: Shutting down and abandoning module PlanarCut (468)
[2020.12.23-08.54.55:120][533]LogModuleManager: Shutting down and abandoning module CharacterAI (466)
[2020.12.23-08.54.55:120][533]LogModuleManager: Shutting down and abandoning module SessionServices (464)
[2020.12.23-08.54.55:120][533]LogModuleManager: Shutting down and abandoning module MovieSceneCapture (462)
[2020.12.23-08.54.55:120][533]LogModuleManager: Shutting down and abandoning module LiveCoding (460)
[2020.12.23-08.54.55:120][533]LogModuleManager: Shutting down and abandoning module LevelSequence (458)
[2020.12.23-08.54.55:120][533]LogModuleManager: Shutting down and abandoning module MovieSceneTracks (456)
[2020.12.23-08.54.55:120][533]LogModuleManager: Shutting down and abandoning module MovieScene (454)
[2020.12.23-08.54.55:120][533]LogModuleManager: Shutting down and abandoning module StreamingPauseRendering (452)
[2020.12.23-08.54.55:120][533]LogModuleManager: Shutting down and abandoning module PortalServices (450)
[2020.12.23-08.54.55:120][533]LogModuleManager: Shutting down and abandoning module PortalRpc (448)
[2020.12.23-08.54.55:121][533]LogModuleManager: Shutting down and abandoning module MessagingRpc (446)
[2020.12.23-08.54.55:121][533]LogModuleManager: Shutting down and abandoning module AudioMixerXAudio2 (444)
[2020.12.23-08.54.55:121][533]LogModuleManager: Shutting down and abandoning module AudioMixerCore (443)
[2020.12.23-08.54.55:121][533]LogModuleManager: Shutting down and abandoning module ProfilerService (440)
[2020.12.23-08.54.55:138][533]LogModuleManager: Shutting down and abandoning module TaskGraph (438)
[2020.12.23-08.54.55:138][533]LogModuleManager: Shutting down and abandoning module Synthesis (436)
[2020.12.23-08.54.55:138][533]LogModuleManager: Shutting down and abandoning module ProceduralMeshComponent (434)
[2020.12.23-08.54.55:138][533]LogModuleManager: Shutting down and abandoning module OculusInput (432)
[2020.12.23-08.54.55:138][533]LogModuleManager: Shutting down and abandoning module MobilePatchingUtils (430)
[2020.12.23-08.54.55:138][533]LogModuleManager: Shutting down and abandoning module GooglePAD (428)
[2020.12.23-08.54.55:138][533]LogModuleManager: Shutting down and abandoning module EditableMesh (426)
[2020.12.23-08.54.55:138][533]LogModuleManager: Shutting down and abandoning module CustomMeshComponent (424)
[2020.12.23-08.54.55:138][533]LogModuleManager: Shutting down and abandoning module CableComponent (422)
[2020.12.23-08.54.55:138][533]LogModuleManager: Shutting down and abandoning module AudioCapture (420)
[2020.12.23-08.54.55:139][533]LogModuleManager: Shutting down and abandoning module AudioCaptureRtAudio (419)
[2020.12.23-08.54.55:139][533]LogModuleManager: Shutting down and abandoning module AssetTags (416)
[2020.12.23-08.54.55:139][533]LogModuleManager: Shutting down and abandoning module ArchVisCharacter (414)
[2020.12.23-08.54.55:139][533]LogModuleManager: Shutting down and abandoning module AppleImageUtilsBlueprintSupport (412)
[2020.12.23-08.54.55:139][533]LogModuleManager: Shutting down and abandoning module AppleImageUtils (410)
[2020.12.23-08.54.55:139][533]LogModuleManager: Shutting down and abandoning module AndroidPermission (408)
[2020.12.23-08.54.55:139][533]LogModuleManager: Shutting down and abandoning module NUTUnrealEngine4 (406)
[2020.12.23-08.54.55:139][533]LogModuleManager: Shutting down and abandoning module NetcodeUnitTest (404)
[2020.12.23-08.54.55:139][533]LogModuleManager: Shutting down and abandoning module TemplateSequence (402)
[2020.12.23-08.54.55:139][533]LogModuleManager: Shutting down and abandoning module MovieRenderPipelineRenderPasses (400)
[2020.12.23-08.54.55:139][533]LogModuleManager: Shutting down and abandoning module MovieRenderPipelineSettings (398)
[2020.12.23-08.54.55:139][533]LogModuleManager: Shutting down and abandoning module MovieRenderPipelineCore (396)
[2020.12.23-08.54.55:139][533]LogModuleManager: Shutting down and abandoning module ImageWriteQueue (395)
[2020.12.23-08.54.55:144][533]LogModuleManager: Shutting down and abandoning module MediaCompositing (392)
[2020.12.23-08.54.55:144][533]LogModuleManager: Shutting down and abandoning module ImgMedia (390)
[2020.12.23-08.54.55:144][533]LogModuleManager: Shutting down and abandoning module MagicLeapSharedWorld (388)
[2020.12.23-08.54.55:144][533]LogModuleManager: Shutting down and abandoning module MagicLeapLightEstimation (386)
[2020.12.23-08.54.55:144][533]LogModuleManager: Shutting down and abandoning module MagicLeapHelperVulkan (384)
[2020.12.23-08.54.55:144][533]LogModuleManager: Shutting down and abandoning module MagicLeapHelperOpenGL (382)
[2020.12.23-08.54.55:144][533]LogModuleManager: Shutting down and abandoning module MagicLeapAudio (380)
[2020.12.23-08.54.55:144][533]LogModuleManager: Shutting down and abandoning module MeshSolverUtilities (378)
[2020.12.23-08.54.55:144][533]LogModuleManager: Shutting down and abandoning module MeshConversion (376)
[2020.12.23-08.54.55:144][533]LogModuleManager: Shutting down and abandoning module DynamicMesh (374)
[2020.12.23-08.54.55:144][533]LogModuleManager: Shutting down and abandoning module GeometryAlgorithms (372)
[2020.12.23-08.54.55:144][533]LogModuleManager: Shutting down and abandoning module GeometricObjects (370)
[2020.12.23-08.54.55:144][533]LogModuleManager: Shutting down and abandoning module GeometryCollectionTracks (368)
[2020.12.23-08.54.55:144][533]LogModuleManager: Shutting down and abandoning module GeometryCollectionSequencer (367)
[2020.12.23-08.54.55:144][533]LogModuleManager: Shutting down and abandoning module GeometryCacheTracks (364)
[2020.12.23-08.54.55:144][533]LogModuleManager: Shutting down and abandoning module GeometryCacheSequencer (363)
[2020.12.23-08.54.55:144][533]LogModuleManager: Shutting down and abandoning module GeometryCache (360)
[2020.12.23-08.54.55:145][533]LogModuleManager: Shutting down and abandoning module GeometryCacheEd (359)
[2020.12.23-08.54.55:145][533]LogModuleManager: Shutting down and abandoning module ChaosNiagara (356)
[2020.12.23-08.54.55:145][533]LogModuleManager: Shutting down and abandoning module ChaosCloth (354)
[2020.12.23-08.54.55:145][533]LogModuleManager: Shutting down and abandoning module BackChannel (352)
[2020.12.23-08.54.55:145][533]LogModuleManager: Shutting down and abandoning module AutomationUtils (350)
[2020.12.23-08.54.55:145][533]LogModuleManager: Shutting down and abandoning module VisualStudioSourceCodeAccess (348)
[2020.12.23-08.54.55:145][533]LogModuleManager: Shutting down and abandoning module HotReload (347)
[2020.12.23-08.54.55:145][533]LogModuleManager: Shutting down and abandoning module VisualStudioCodeSourceCodeAccess (344)
[2020.12.23-08.54.55:145][533]LogModuleManager: Shutting down and abandoning module UObjectPlugin (342)
[2020.12.23-08.54.55:145][533]LogModuleManager: Shutting down and abandoning module SubversionSourceControl (340)
[2020.12.23-08.54.55:145][533]LogModuleManager: Shutting down and abandoning module RiderSourceCodeAccess (338)
[2020.12.23-08.54.55:145][533]LogModuleManager: Shutting down and abandoning module PerforceSourceControl (336)
[2020.12.23-08.54.55:145][533]LogModuleManager: Shutting down and abandoning module SourceControl (335)
[2020.12.23-08.54.55:145][533]LogModuleManager: Shutting down and abandoning module CLionSourceCodeAccess (332)
[2020.12.23-08.54.55:145][533]LogModuleManager: Shutting down and abandoning module ActorLayerUtilities (330)
[2020.12.23-08.54.55:145][533]LogModuleManager: Shutting down and abandoning module SoundFields (328)
[2020.12.23-08.54.55:145][533]LogModuleManager: Shutting down and abandoning module SignificanceManager (326)
[2020.12.23-08.54.55:145][533]LogModuleManager: Shutting down and abandoning module RuntimePhysXCooking (324)
[2020.12.23-08.54.55:145][533]LogModuleManager: Shutting down and abandoning module PhysXVehiclesEditor (322)
[2020.12.23-08.54.55:145][533]LogModuleManager: Shutting down and abandoning module LocationServicesBPLibrary (318)
[2020.12.23-08.54.55:145][533]LogModuleManager: Shutting down and abandoning module ActorSequence (316)
[2020.12.23-08.54.55:145][533]LogModuleManager: Shutting down and abandoning module UdpMessaging (314)
[2020.12.23-08.54.55:246][533]LogModuleManager: Shutting down and abandoning module TcpMessaging (312)
